This is XeTeX, Version 3.141592653-2.6-0.999995 (TeX Live 2023) (preloaded format=xelatex 2023.10.3)  30 OCT 2024 08:12
entering extended mode
 \write18 enabled.
 %&-line parsing enabled.
**memoire_tex.tex
(./memoire_tex.tex
LaTeX2e <2023-06-01> patch level 1
L3 programming layer <2023-08-29>
(/usr/local/texlive/2023/texmf-dist/tex/latex/base/book.cls
Document Class: book 2023/05/17 v1.4n Standard LaTeX document class
(/usr/local/texlive/2023/texmf-dist/tex/latex/base/bk12.clo
File: bk12.clo 2023/05/17 v1.4n Standard LaTeX file (size option)
)
\c@part=\count181
\c@chapter=\count182
\c@section=\count183
\c@subsection=\count184
\c@subsubsection=\count185
\c@paragraph=\count186
\c@subparagraph=\count187
\c@figure=\count188
\c@table=\count189
\abovecaptionskip=\skip48
\belowcaptionskip=\skip49
\bibindent=\dimen140
)
(/usr/local/texlive/2023/texmf-dist/tex/latex/fontspec/fontspec.sty
(/usr/local/texlive/2023/texmf-dist/tex/latex/l3packages/xparse/xparse.sty
(/usr/local/texlive/2023/texmf-dist/tex/latex/l3kernel/expl3.sty
Package: expl3 2023-08-29 L3 programming layer (loader) 

(/usr/local/texlive/2023/texmf-dist/tex/latex/l3backend/l3backend-xetex.def
File: l3backend-xetex.def 2023-04-19 L3 backend support: XeTeX
\g__graphics_track_int=\count190
\l__pdf_internal_box=\box51
\g__pdf_backend_object_int=\count191
\g__pdf_backend_annotation_int=\count192
\g__pdf_backend_link_int=\count193
))
Package: xparse 2023-08-29 L3 Experimental document command parser
)
Package: fontspec 2022/01/15 v2.8a Font selection for XeLaTeX and LuaLaTeX

(/usr/local/texlive/2023/texmf-dist/tex/latex/fontspec/fontspec-xetex.sty
Package: fontspec-xetex 2022/01/15 v2.8a Font selection for XeLaTeX and LuaLaTe
X
\l__fontspec_script_int=\count194
\l__fontspec_language_int=\count195
\l__fontspec_strnum_int=\count196
\l__fontspec_tmp_int=\count197
\l__fontspec_tmpa_int=\count198
\l__fontspec_tmpb_int=\count199
\l__fontspec_tmpc_int=\count266
\l__fontspec_em_int=\count267
\l__fontspec_emdef_int=\count268
\l__fontspec_strong_int=\count269
\l__fontspec_strongdef_int=\count270
\l__fontspec_tmpa_dim=\dimen141
\l__fontspec_tmpb_dim=\dimen142
\l__fontspec_tmpc_dim=\dimen143

(/usr/local/texlive/2023/texmf-dist/tex/latex/base/fontenc.sty
Package: fontenc 2021/04/29 v2.0v Standard LaTeX package
)
(/usr/local/texlive/2023/texmf-dist/tex/latex/fontspec/fontspec.cfg)))
(/usr/local/texlive/2023/texmf-dist/tex/xelatex/xunicode/xunicode.sty
File: xunicode.sty 2011/09/09 v0.981 provides access to latin accents and many 
other characters in Unicode lower plane

(/usr/local/texlive/2023/texmf-dist/tex/latex/tipa/t3enc.def
File: t3enc.def 2001/12/31 T3 encoding
)
\tipaTiiicode=\count271
\tipasavetokens=\toks17
\tipachecktokens=\toks18

(/usr/local/texlive/2023/texmf-dist/tex/latex/graphics/graphicx.sty
Package: graphicx 2021/09/16 v1.2d Enhanced LaTeX Graphics (DPC,SPQR)

(/usr/local/texlive/2023/texmf-dist/tex/latex/graphics/keyval.sty
Package: keyval 2022/05/29 v1.15 key=value parser (DPC)
\KV@toks@=\toks19
)
(/usr/local/texlive/2023/texmf-dist/tex/latex/graphics/graphics.sty
Package: graphics 2022/03/10 v1.4e Standard LaTeX Graphics (DPC,SPQR)

(/usr/local/texlive/2023/texmf-dist/tex/latex/graphics/trig.sty
Package: trig 2021/08/11 v1.11 sin cos tan (DPC)
)
(/usr/local/texlive/2023/texmf-dist/tex/latex/graphics-cfg/graphics.cfg
File: graphics.cfg 2016/06/04 v1.11 sample graphics configuration
)
Package graphics Info: Driver file: xetex.def on input line 107.

(/usr/local/texlive/2023/texmf-dist/tex/latex/graphics-def/xetex.def
File: xetex.def 2022/09/22 v5.0n Graphics/color driver for xetex
))
\Gin@req@height=\dimen144
\Gin@req@width=\dimen145
))
(/usr/local/texlive/2023/texmf-dist/tex/generic/babel/babel.sty
Package: babel 2023/09/29 v3.95 The Babel package
\babel@savecnt=\count272
\U@D=\dimen146
\l@unhyphenated=\language89

(/usr/local/texlive/2023/texmf-dist/tex/generic/babel/xebabel.def)
\bbl@readstream=\read2
\bbl@dirlevel=\count273

(/usr/local/texlive/2023/texmf-dist/tex/generic/babel-french/french.ldf
Language: french 2023/03/08 v3.5q French support from the babel system
Package babel Info: Hyphen rules for 'acadian' set to \l@french
(babel)             (\language31). Reported on input line 91.
Package babel Info: Hyphen rules for 'canadien' set to \l@french
(babel)             (\language31). Reported on input line 92.
\FB@nonchar=\count274
Package french.ldf Info: No need for active punctuation characters
(french.ldf)             with this version of XeTeX!
(french.ldf)             reported on input line 310.
\FB@punctthick=\XeTeXcharclass1
\FB@punctthin=\XeTeXcharclass2
\FB@punctnul=\XeTeXcharclass3
\FB@guilo=\XeTeXcharclass4
\FB@guilf=\XeTeXcharclass5
\FB@guilnul=\XeTeXcharclass6
\FBguill@level=\count275
\FBold@everypar=\toks20
\FB@Mht=\dimen147
\mc@charclass=\count276
\mc@charfam=\count277
\mc@charslot=\count278
\std@mcc=\count279
\dec@mcc=\count280
\FB@parskip=\dimen148
\listindentFB=\dimen149
\descindentFB=\dimen150
\labelindentFB=\dimen151
\labelwidthFB=\dimen152
\leftmarginFB=\dimen153
\parindentFFN=\dimen154
\FBfnindent=\dimen155
))
(/usr/local/texlive/2023/texmf-dist/tex/generic/babel/locale/fr/babel-french.te
x
Package babel Info: Importing font and identification data for french
(babel)             from babel-fr.ini. Reported on input line 11.
) (/usr/local/texlive/2023/texmf-dist/tex/latex/carlisle/scalefnt.sty)
(/usr/local/texlive/2023/texmf-dist/tex/latex/csquotes/csquotes.sty
Package: csquotes 2022-09-14 v5.2n context-sensitive quotations (JAW)

(/usr/local/texlive/2023/texmf-dist/tex/latex/etoolbox/etoolbox.sty
Package: etoolbox 2020/10/05 v2.5k e-TeX tools for LaTeX (JAW)
\etb@tempcnta=\count281
)
\csq@reset=\count282
\csq@gtype=\count283
\csq@glevel=\count284
\csq@qlevel=\count285
\csq@maxlvl=\count286
\csq@tshold=\count287
\csq@ltx@everypar=\toks21

(/usr/local/texlive/2023/texmf-dist/tex/latex/csquotes/csquotes.def
File: csquotes.def 2022-09-14 v5.2n csquotes generic definitions (JAW)
)
Package csquotes Info: Trying to load configuration file 'csquotes.cfg'...
Package csquotes Info: ... configuration file loaded successfully.

(/usr/local/texlive/2023/texmf-dist/tex/latex/csquotes/csquotes.cfg
File: csquotes.cfg 
))
(/usr/local/texlive/2023/texmf-dist/tex/latex/lettrine/lettrine.sty
File: lettrine.sty 2023-08-14 v2.52 (Daniel Flipo)

(/usr/local/texlive/2023/texmf-dist/tex/latex/l3packages/xfp/xfp.sty
Package: xfp 2023-08-29 L3 Floating point unit
)
\c@DefaultLines=\count288
\c@DefaultDepth=\count289
\DefaultFindent=\dimen156
\DefaultNindent=\dimen157
\DefaultSlope=\dimen158
\DiscardVskip=\dimen159
\L@lettrine=\box52
\L@lbox=\box53
\L@tbox=\box54
\c@L@lines=\count290
\c@L@depth=\count291
\L@Pindent=\dimen160
\L@Findent=\dimen161
\L@Nindent=\dimen162
\L@lraise=\dimen163
\L@first=\dimen164
\L@next=\dimen165
\L@slope=\dimen166
\L@height=\dimen167
\L@novskip=\dimen168
\L@ruleht=\dimen169
\L@target@ht=\dimen170
\L@target@dp=\dimen171
\L@target@tht=\dimen172
\LettrineWidth=\dimen173
\LettrineHeight=\dimen174
\LettrineDepth=\dimen175

Loading lettrine.cfg
(/usr/local/texlive/2023/texmf-dist/tex/latex/lettrine/lettrine.cfg)
\Llist@everypar=\toks22
)
(/usr/local/texlive/2023/texmf-dist/tex/latex/biblatex/biblatex.sty
Package: biblatex 2023/03/05 v3.19 programmable bibliographies (PK/MW)

(/usr/local/texlive/2023/texmf-dist/tex/generic/pdftexcmds/pdftexcmds.sty
Package: pdftexcmds 2020-06-27 v0.33 Utility functions of pdfTeX for LuaTeX (HO
)

(/usr/local/texlive/2023/texmf-dist/tex/generic/infwarerr/infwarerr.sty
Package: infwarerr 2019/12/03 v1.5 Providing info/warning/error messages (HO)
)
(/usr/local/texlive/2023/texmf-dist/tex/generic/iftex/iftex.sty
Package: iftex 2022/02/03 v1.0f TeX engine tests
)
(/usr/local/texlive/2023/texmf-dist/tex/generic/ltxcmds/ltxcmds.sty
Package: ltxcmds 2020-05-10 v1.25 LaTeX kernel commands for general use (HO)
)
Package pdftexcmds Info: \pdf@primitive is available.
Package pdftexcmds Info: \pdf@ifprimitive is available.
Package pdftexcmds Info: \pdfdraftmode not found.
)
(/usr/local/texlive/2023/texmf-dist/tex/latex/kvoptions/kvoptions.sty
Package: kvoptions 2022-06-15 v3.15 Key value format for package options (HO)

(/usr/local/texlive/2023/texmf-dist/tex/latex/kvsetkeys/kvsetkeys.sty
Package: kvsetkeys 2022-10-05 v1.19 Key value parser (HO)
))
(/usr/local/texlive/2023/texmf-dist/tex/latex/logreq/logreq.sty
Package: logreq 2010/08/04 v1.0 xml request logger
\lrq@indent=\count292

(/usr/local/texlive/2023/texmf-dist/tex/latex/logreq/logreq.def
File: logreq.def 2010/08/04 v1.0 logreq spec v1.0
))
(/usr/local/texlive/2023/texmf-dist/tex/latex/base/ifthen.sty
Package: ifthen 2022/04/13 v1.1d Standard LaTeX ifthen package (DPC)
)
(/usr/local/texlive/2023/texmf-dist/tex/latex/url/url.sty
\Urlmuskip=\muskip16
Package: url 2013/09/16  ver 3.4  Verb mode for urls, etc.
)
\c@tabx@nest=\count293
\c@listtotal=\count294
\c@listcount=\count295
\c@liststart=\count296
\c@liststop=\count297
\c@citecount=\count298
\c@citetotal=\count299
\c@multicitecount=\count300
\c@multicitetotal=\count301
\c@instcount=\count302
\c@maxnames=\count303
\c@minnames=\count304
\c@maxitems=\count305
\c@minitems=\count306
\c@citecounter=\count307
\c@maxcitecounter=\count308
\c@savedcitecounter=\count309
\c@uniquelist=\count310
\c@uniquename=\count311
\c@refsection=\count312
\c@refsegment=\count313
\c@maxextratitle=\count314
\c@maxextratitleyear=\count315
\c@maxextraname=\count316
\c@maxextradate=\count317
\c@maxextraalpha=\count318
\c@abbrvpenalty=\count319
\c@highnamepenalty=\count320
\c@lownamepenalty=\count321
\c@maxparens=\count322
\c@parenlevel=\count323
\blx@tempcnta=\count324
\blx@tempcntb=\count325
\blx@tempcntc=\count326
\c@blx@maxsection=\count327
\blx@maxsegment@0=\count328
\blx@notetype=\count329
\blx@parenlevel@text=\count330
\blx@parenlevel@foot=\count331
\blx@sectionciteorder@0=\count332
\blx@sectionciteorderinternal@0=\count333
\blx@entrysetcounter=\count334
\blx@biblioinstance=\count335
\labelnumberwidth=\skip50
\labelalphawidth=\skip51
\biblabelsep=\skip52
\bibitemsep=\skip53
\bibnamesep=\skip54
\bibinitsep=\skip55
\bibparsep=\skip56
\bibhang=\skip57
\blx@bcfin=\read3
\blx@bcfout=\write3
\blx@langwohyphens=\language90
\c@mincomprange=\count336
\c@maxcomprange=\count337
\c@mincompwidth=\count338
Package biblatex Info: Trying to load biblatex default data model...
Package biblatex Info: ... file 'blx-dm.def' found.

(/usr/local/texlive/2023/texmf-dist/tex/latex/biblatex/blx-dm.def
File: blx-dm.def 2023/03/05 v3.19 biblatex localization (PK/MW)
)
Package biblatex Info: Trying to load biblatex style data model...
Package biblatex Info: ... file 'enc.dbx' not found.
Package biblatex Info: Trying to load biblatex custom data model...
Package biblatex Info: ... file 'biblatex-dm.cfg' not found.
\c@afterword=\count339
\c@savedafterword=\count340
\c@annotator=\count341
\c@savedannotator=\count342
\c@author=\count343
\c@savedauthor=\count344
\c@bookauthor=\count345
\c@savedbookauthor=\count346
\c@commentator=\count347
\c@savedcommentator=\count348
\c@editor=\count349
\c@savededitor=\count350
\c@editora=\count351
\c@savededitora=\count352
\c@editorb=\count353
\c@savededitorb=\count354
\c@editorc=\count355
\c@savededitorc=\count356
\c@foreword=\count357
\c@savedforeword=\count358
\c@holder=\count359
\c@savedholder=\count360
\c@introduction=\count361
\c@savedintroduction=\count362
\c@namea=\count363
\c@savednamea=\count364
\c@nameb=\count365
\c@savednameb=\count366
\c@namec=\count367
\c@savednamec=\count368
\c@translator=\count369
\c@savedtranslator=\count370
\c@shortauthor=\count371
\c@savedshortauthor=\count372
\c@shorteditor=\count373
\c@savedshorteditor=\count374
\c@labelname=\count375
\c@savedlabelname=\count376
\c@institution=\count377
\c@savedinstitution=\count378
\c@lista=\count379
\c@savedlista=\count380
\c@listb=\count381
\c@savedlistb=\count382
\c@listc=\count383
\c@savedlistc=\count384
\c@listd=\count385
\c@savedlistd=\count386
\c@liste=\count387
\c@savedliste=\count388
\c@listf=\count389
\c@savedlistf=\count390
\c@location=\count391
\c@savedlocation=\count392
\c@organization=\count393
\c@savedorganization=\count394
\c@origlocation=\count395
\c@savedoriglocation=\count396
\c@origpublisher=\count397
\c@savedorigpublisher=\count398
\c@publisher=\count399
\c@savedpublisher=\count400
\c@language=\count401
\c@savedlanguage=\count402
\c@origlanguage=\count403
\c@savedoriglanguage=\count404
\c@pageref=\count405
\c@savedpageref=\count406
\shorthandwidth=\skip58
\shortjournalwidth=\skip59
\shortserieswidth=\skip60
\shorttitlewidth=\skip61
\shortauthorwidth=\skip62
\shorteditorwidth=\skip63
\locallabelnumberwidth=\skip64
\locallabelalphawidth=\skip65
\localshorthandwidth=\skip66
\localshortjournalwidth=\skip67
\localshortserieswidth=\skip68
\localshorttitlewidth=\skip69
\localshortauthorwidth=\skip70
\localshorteditorwidth=\skip71
Package biblatex Info: Trying to load enhanced support for Unicode engines...
Package biblatex Info: ... file 'blx-unicode.def' found.

(/usr/local/texlive/2023/texmf-dist/tex/latex/biblatex/blx-unicode.def)
Package biblatex Info: Trying to load compatibility code...
Package biblatex Info: ... file 'blx-compat.def' found.

(/usr/local/texlive/2023/texmf-dist/tex/latex/biblatex/blx-compat.def
File: blx-compat.def 2023/03/05 v3.19 biblatex compatibility (PK/MW)
)
Package biblatex Info: Trying to load generic definitions...
Package biblatex Info: ... file 'biblatex.def' found.

(/usr/local/texlive/2023/texmf-dist/tex/latex/biblatex/biblatex.def
File: biblatex.def 2023/03/05 v3.19 biblatex compatibility (PK/MW)
\c@textcitecount=\count407
\c@textcitetotal=\count408
\c@textcitemaxnames=\count409
\c@biburlbigbreakpenalty=\count410
\c@biburlbreakpenalty=\count411
\c@biburlnumpenalty=\count412
\c@biburlucpenalty=\count413
\c@biburllcpenalty=\count414
\biburlbigskip=\muskip17
\biburlnumskip=\muskip18
\biburlucskip=\muskip19
\biburllcskip=\muskip20
\c@smartand=\count415
)
Package biblatex Info: Trying to load bibliography style 'enc'...
Package biblatex Info: ... file 'enc.bbx' found.

(/usr/local/texlive/2023/texmf-dist/tex/latex/biblatex-enc/enc.bbx
File: enc.bbx 
)
Package biblatex Info: Trying to load citation style 'enc'...
Package biblatex Info: ... file 'enc.cbx' found.

(/usr/local/texlive/2023/texmf-dist/tex/latex/biblatex-enc/enc.cbx
File: enc.cbx 
Package biblatex Info: Redefining '\cite'.
Package biblatex Info: Redefining '\textcite'.
Package biblatex Info: Redefining '\parencite'.
Package biblatex Info: Redefining '\footcite'.
)
Package biblatex Info: Trying to load configuration file...
Package biblatex Info: ... file 'biblatex.cfg' found.

(/usr/local/texlive/2023/texmf-dist/tex/latex/biblatex/biblatex.cfg
File: biblatex.cfg 
)
Package biblatex Info: XeTeX detected.
(biblatex)             Assuming input encoding 'utf8'.
Package biblatex Info: Document encoding is UTF8 ....
Package biblatex Info: ... and expl3
(biblatex)             2023-08-29 L3 programming layer (loader) 
(biblatex)             is new enough (at least 2020/04/06),
(biblatex)             setting 'casechanger=expl3'.

(/usr/local/texlive/2023/texmf-dist/tex/latex/biblatex/blx-case-expl3.sty
Package: blx-case-expl3 2023/03/05 v3.19 expl3 case changing code for biblatex
))
(/usr/local/texlive/2023/texmf-dist/tex/latex/tools/multicol.sty
Package: multicol 2023/03/30 v1.9f multicolumn formatting (FMi)
\c@tracingmulticols=\count416
\mult@box=\box55
\multicol@leftmargin=\dimen176
\c@unbalance=\count417
\c@collectmore=\count418
\doublecol@number=\count419
\multicoltolerance=\count420
\multicolpretolerance=\count421
\full@width=\dimen177
\page@free=\dimen178
\premulticols=\dimen179
\postmulticols=\dimen180
\multicolsep=\skip72
\multicolbaselineskip=\skip73
\partial@page=\box56
\last@line=\box57
\mc@boxedresult=\box58
\maxbalancingoverflow=\dimen181
\mult@rightbox=\box59
\mult@grightbox=\box60
\mult@firstbox=\box61
\mult@gfirstbox=\box62
\@tempa=\box63
\@tempa=\box64
\@tempa=\box65
\@tempa=\box66
\@tempa=\box67
\@tempa=\box68
\@tempa=\box69
\@tempa=\box70
\@tempa=\box71
\@tempa=\box72
\@tempa=\box73
\@tempa=\box74
\@tempa=\box75
\@tempa=\box76
\@tempa=\box77
\@tempa=\box78
\@tempa=\box79
\@tempa=\box80
\@tempa=\box81
\@tempa=\box82
\@tempa=\box83
\@tempa=\box84
\@tempa=\box85
\@tempa=\box86
\@tempa=\box87
\@tempa=\box88
\@tempa=\box89
\@tempa=\box90
\@tempa=\box91
\@tempa=\box92
\@tempa=\box93
\@tempa=\box94
\@tempa=\box95
\@tempa=\box96
\@tempa=\box97
\@tempa=\box98
\c@minrows=\count422
\c@columnbadness=\count423
\c@finalcolumnbadness=\count424
\last@try=\dimen182
\multicolovershoot=\dimen183
\multicolundershoot=\dimen184
\mult@nat@firstbox=\box99
\colbreak@box=\box100
\mc@col@check@num=\count425
)
(/usr/local/texlive/2023/texmf-dist/tex/latex/tools/longtable.sty
Package: longtable 2021-09-01 v4.17 Multi-page Table package (DPC)
\LTleft=\skip74
\LTright=\skip75
\LTpre=\skip76
\LTpost=\skip77
\LTchunksize=\count426
\LTcapwidth=\dimen185
\LT@head=\box101
\LT@firsthead=\box102
\LT@foot=\box103
\LT@lastfoot=\box104
\LT@gbox=\box105
\LT@cols=\count427
\LT@rows=\count428
\c@LT@tables=\count429
\c@LT@chunks=\count430
\LT@p@ftn=\toks23
)
(/usr/local/texlive/2023/texmf-dist/tex/latex/pdfpages/pdfpages.sty
Package: pdfpages 2022/12/19 v0.5x Insert pages of external PDF documents (AM)

(/usr/local/texlive/2023/texmf-dist/tex/latex/tools/calc.sty
Package: calc 2017/05/25 v4.3 Infix arithmetic (KKT,FJ)
\calc@Acount=\count431
\calc@Bcount=\count432
\calc@Adimen=\dimen186
\calc@Bdimen=\dimen187
\calc@Askip=\skip78
\calc@Bskip=\skip79
LaTeX Info: Redefining \setlength on input line 80.
LaTeX Info: Redefining \addtolength on input line 81.
\calc@Ccount=\count433
\calc@Cskip=\skip80
)
(/usr/local/texlive/2023/texmf-dist/tex/latex/eso-pic/eso-pic.sty
Package: eso-pic 2023/05/03 v3.0c eso-pic (RN)
\ESO@tempdima=\dimen188
\ESO@tempdimb=\dimen189

(/usr/local/texlive/2023/texmf-dist/tex/latex/xcolor/xcolor.sty
Package: xcolor 2022/06/12 v2.14 LaTeX color extensions (UK)

(/usr/local/texlive/2023/texmf-dist/tex/latex/graphics-cfg/color.cfg
File: color.cfg 2016/01/02 v1.6 sample color configuration
)
Package xcolor Info: Driver file: xetex.def on input line 227.

(/usr/local/texlive/2023/texmf-dist/tex/latex/graphics/mathcolor.ltx)
Package xcolor Info: Model `cmy' substituted by `cmy0' on input line 1353.
Package xcolor Info: Model `RGB' extended on input line 1369.
Package xcolor Info: Model `HTML' substituted by `rgb' on input line 1371.
Package xcolor Info: Model `Hsb' substituted by `hsb' on input line 1372.
Package xcolor Info: Model `tHsb' substituted by `hsb' on input line 1373.
Package xcolor Info: Model `HSB' substituted by `hsb' on input line 1374.
Package xcolor Info: Model `Gray' substituted by `gray' on input line 1375.
Package xcolor Info: Model `wave' substituted by `hsb' on input line 1376.
))
\AM@pagewidth=\dimen190
\AM@pageheight=\dimen191
\AM@fboxrule=\dimen192

(/usr/local/texlive/2023/texmf-dist/tex/latex/pdfpages/ppxetex.def
File: ppxetex.def 2022/12/19 v0.5x Pdfpages driver for XeTeX (AM)
)
\pdfpages@includegraphics@status=\count434
\AM@pagebox=\box106
\AM@global@opts=\toks24
\AM@pagecnt=\count435
\AM@toc@title=\toks25
\AM@lof@heading=\toks26
\c@AM@survey=\count436
\AM@templatesizebox=\box107
)
(/usr/local/texlive/2023/texmf-dist/tex/latex/tools/array.sty
Package: array 2022/09/04 v2.5g Tabular extension package (FMi)
\col@sep=\dimen193
\ar@mcellbox=\box108
\extrarowheight=\dimen194
\NC@list=\toks27
\extratabsurround=\skip81
\backup@length=\skip82
\ar@cellbox=\box109
)
(/usr/local/texlive/2023/texmf-dist/tex/latex/chngcntr/chngcntr.sty
Package: chngcntr 2018/04/09 v1.1a change counter resetting
Package chngcntr Info: \counterwithout already defined.
(chngcntr)             Quitting chngcntr on input line 21.
)
(/usr/local/texlive/2023/texmf-dist/tex/latex/enumitem/enumitem.sty
Package: enumitem 2019/06/20 v3.9 Customized lists
\labelindent=\skip83
\enit@outerparindent=\dimen195
\enit@toks=\toks28
\enit@inbox=\box110
\enit@count@id=\count437
\enitdp@description=\count438
)
(/usr/local/texlive/2023/texmf-dist/tex/latex/listings/listings.sty
\lst@mode=\count439
\lst@gtempboxa=\box111
\lst@token=\toks29
\lst@length=\count440
\lst@currlwidth=\dimen196
\lst@column=\count441
\lst@pos=\count442
\lst@lostspace=\dimen197
\lst@width=\dimen198
\lst@newlines=\count443
\lst@lineno=\count444
\lst@maxwidth=\dimen199

(/usr/local/texlive/2023/texmf-dist/tex/latex/listings/lstmisc.sty
File: lstmisc.sty 2023/02/27 1.9 (Carsten Heinz)
\c@lstnumber=\count445
\lst@skipnumbers=\count446
\lst@framebox=\box112
)
(/usr/local/texlive/2023/texmf-dist/tex/latex/listings/listings.cfg
File: listings.cfg 2023/02/27 1.9 listings configuration
))
Package: listings 2023/02/27 1.9 (Carsten Heinz)

(/usr/local/texlive/2023/texmf-dist/tex/latex/minted/minted.sty
Package: minted 2023/09/12 v2.8 Yet another Pygments shim for LaTeX

(/usr/local/texlive/2023/texmf-dist/tex/latex/fvextra/fvextra.sty
Package: fvextra 2022/11/30 v1.5 fvextra - extensions and patches for fancyvrb

(/usr/local/texlive/2023/texmf-dist/tex/latex/fancyvrb/fancyvrb.sty
Package: fancyvrb 2023/01/19 4.5a verbatim text (tvz,hv)
\FV@CodeLineNo=\count447
\FV@InFile=\read4
\FV@TabBox=\box113
\c@FancyVerbLine=\count448
\FV@StepNumber=\count449
\FV@OutFile=\write4
)
(/usr/local/texlive/2023/texmf-dist/tex/latex/upquote/upquote.sty
Package: upquote 2012/04/19 v1.3 upright-quote and grave-accent glyphs in verba
tim

(/usr/local/texlive/2023/texmf-dist/tex/latex/base/textcomp.sty
Package: textcomp 2020/02/02 v2.0n Standard LaTeX package
))
(/usr/local/texlive/2023/texmf-dist/tex/latex/lineno/lineno.sty
Package: lineno 2023/05/20 line numbers on paragraphs v5.3
Invalid UTF-8 byte or sequence at line 292 replaced by U+FFFD.
\linenopenalty=\count450
\output=\toks30
\linenoprevgraf=\count451
\linenumbersep=\dimen256
\linenumberwidth=\dimen257
\c@linenumber=\count452
\c@pagewiselinenumber=\count453
\c@LN@truepage=\count454
\c@internallinenumber=\count455
\c@internallinenumbers=\count456
\quotelinenumbersep=\dimen258
\bframerule=\dimen259
\bframesep=\dimen260
\bframebox=\box114


LaTeX Warning: Command \@parboxrestore  has changed.
               Check if current package is valid.

LaTeX Info: Redefining \\ on input line 3180.
)

Package fvextra Warning: csquotes should be loaded after fvextra, to avoid a wa
rning from the lineno package on input line 36.

\c@FV@TrueTabGroupLevel=\count457
\c@FV@TrueTabCounter=\count458
\FV@TabBox@Group=\box115
\FV@TmpLength=\skip84
\c@FV@HighlightLinesStart=\count459
\c@FV@HighlightLinesStop=\count460
\FV@LoopCount=\count461
\FV@NCharsBox=\box116
\FV@BreakIndent=\dimen261
\FV@BreakIndentNChars=\count462
\FV@BreakSymbolSepLeft=\dimen262
\FV@BreakSymbolSepLeftNChars=\count463
\FV@BreakSymbolSepRight=\dimen263
\FV@BreakSymbolSepRightNChars=\count464
\FV@BreakSymbolIndentLeft=\dimen264
\FV@BreakSymbolIndentLeftNChars=\count465
\FV@BreakSymbolIndentRight=\dimen265
\FV@BreakSymbolIndentRightNChars=\count466
\c@FancyVerbLineBreakLast=\count467
\FV@LineBox=\box117
\FV@LineIndentBox=\box118
\c@FV@BreakBufferDepth=\count468
\FV@LineWidth=\dimen266
) (/usr/local/texlive/2023/texmf-dist/tex/latex/tools/shellesc.sty
Package: shellesc 2023/04/15 v1.0d unified shell escape interface for LaTeX
Package shellesc Info: Unrestricted shell escape enabled on input line 75.
)
(/usr/local/texlive/2023/texmf-dist/tex/latex/ifplatform/ifplatform.sty
Package: ifplatform 2017/10/13 v0.4a Testing for the operating system

(/usr/local/texlive/2023/texmf-dist/tex/generic/catchfile/catchfile.sty
Package: catchfile 2019/12/09 v1.8 Catch the contents of a file (HO)

(/usr/local/texlive/2023/texmf-dist/tex/generic/etexcmds/etexcmds.sty
Package: etexcmds 2019/12/15 v1.7 Avoid name clashes with e-TeX commands (HO)
))
(/usr/local/texlive/2023/texmf-dist/tex/generic/iftex/ifluatex.sty
Package: ifluatex 2019/10/25 v1.5 ifluatex legacy package. Use iftex instead.
)
runsystem(uname -s > "memoire_tex.w18")...executed.


(./memoire_tex.w18)
runsystem(rm -- "memoire_tex.w18")...executed.

)
(/usr/local/texlive/2023/texmf-dist/tex/generic/xstring/xstring.sty
(/usr/local/texlive/2023/texmf-dist/tex/generic/xstring/xstring.tex
\xs_counta=\count469
\xs_countb=\count470
)
Package: xstring 2023/08/22 v1.86 String manipulations (CT)
)
(/usr/local/texlive/2023/texmf-dist/tex/latex/framed/framed.sty
Package: framed 2011/10/22 v 0.96: framed or shaded text with page breaks
\OuterFrameSep=\skip85
\fb@frw=\dimen267
\fb@frh=\dimen268
\FrameRule=\dimen269
\FrameSep=\dimen270
)
(/usr/local/texlive/2023/texmf-dist/tex/latex/float/float.sty
Package: float 2001/11/08 v1.3d Float enhancements (AL)
\c@float@type=\count471
\float@exts=\toks31
\float@box=\box119
\@float@everytoks=\toks32
\@floatcapt=\box120
)
\minted@appexistsfile=\read5
\minted@bgbox=\box121
\minted@code=\write5
\c@minted@FancyVerbLineTemp=\count472
\c@minted@pygmentizecounter=\count473
\@float@every@listing=\toks33
\c@listing=\count474
)
runsystem(mkdir -p _minted-memoire_tex)...executed.


(/usr/local/texlive/2023/texmf-dist/tex/latex/tcolorbox/tcolorbox.sty
Package: tcolorbox 2023/09/26 version 6.1.0 text color boxes

(/usr/local/texlive/2023/texmf-dist/tex/latex/pgf/basiclayer/pgf.sty
(/usr/local/texlive/2023/texmf-dist/tex/latex/pgf/utilities/pgfrcs.sty
(/usr/local/texlive/2023/texmf-dist/tex/generic/pgf/utilities/pgfutil-common.te
x
\pgfutil@everybye=\toks34
\pgfutil@tempdima=\dimen271
\pgfutil@tempdimb=\dimen272
)
(/usr/local/texlive/2023/texmf-dist/tex/generic/pgf/utilities/pgfutil-latex.def
\pgfutil@abb=\box122
) (/usr/local/texlive/2023/texmf-dist/tex/generic/pgf/utilities/pgfrcs.code.tex
(/usr/local/texlive/2023/texmf-dist/tex/generic/pgf/pgf.revision.tex)
Package: pgfrcs 2023-01-15 v3.1.10 (3.1.10)
))
Package: pgf 2023-01-15 v3.1.10 (3.1.10)

(/usr/local/texlive/2023/texmf-dist/tex/latex/pgf/basiclayer/pgfcore.sty
(/usr/local/texlive/2023/texmf-dist/tex/latex/pgf/systemlayer/pgfsys.sty
(/usr/local/texlive/2023/texmf-dist/tex/generic/pgf/systemlayer/pgfsys.code.tex
Package: pgfsys 2023-01-15 v3.1.10 (3.1.10)
(/usr/local/texlive/2023/texmf-dist/tex/generic/pgf/utilities/pgfkeys.code.tex
\pgfkeys@pathtoks=\toks35
\pgfkeys@temptoks=\toks36

(/usr/local/texlive/2023/texmf-dist/tex/generic/pgf/utilities/pgfkeyslibraryfil
tered.code.tex
\pgfkeys@tmptoks=\toks37
))
\pgf@x=\dimen273
\pgf@y=\dimen274
\pgf@xa=\dimen275
\pgf@ya=\dimen276
\pgf@xb=\dimen277
\pgf@yb=\dimen278
\pgf@xc=\dimen279
\pgf@yc=\dimen280
\pgf@xd=\dimen281
\pgf@yd=\dimen282
\w@pgf@writea=\write6
\r@pgf@reada=\read6
\c@pgf@counta=\count475
\c@pgf@countb=\count476
\c@pgf@countc=\count477
\c@pgf@countd=\count478
\t@pgf@toka=\toks38
\t@pgf@tokb=\toks39
\t@pgf@tokc=\toks40
\pgf@sys@id@count=\count479

(/usr/local/texlive/2023/texmf-dist/tex/generic/pgf/systemlayer/pgf.cfg
File: pgf.cfg 2023-01-15 v3.1.10 (3.1.10)
)
Driver file for pgf: pgfsys-xetex.def

(/usr/local/texlive/2023/texmf-dist/tex/generic/pgf/systemlayer/pgfsys-xetex.de
f
File: pgfsys-xetex.def 2023-01-15 v3.1.10 (3.1.10)

(/usr/local/texlive/2023/texmf-dist/tex/generic/pgf/systemlayer/pgfsys-dvipdfmx
.def
File: pgfsys-dvipdfmx.def 2023-01-15 v3.1.10 (3.1.10)

(/usr/local/texlive/2023/texmf-dist/tex/generic/pgf/systemlayer/pgfsys-common-p
df.def
File: pgfsys-common-pdf.def 2023-01-15 v3.1.10 (3.1.10)
)
\pgfsys@objnum=\count480
)))
(/usr/local/texlive/2023/texmf-dist/tex/generic/pgf/systemlayer/pgfsyssoftpath.
code.tex
File: pgfsyssoftpath.code.tex 2023-01-15 v3.1.10 (3.1.10)
\pgfsyssoftpath@smallbuffer@items=\count481
\pgfsyssoftpath@bigbuffer@items=\count482
)
(/usr/local/texlive/2023/texmf-dist/tex/generic/pgf/systemlayer/pgfsysprotocol.
code.tex
File: pgfsysprotocol.code.tex 2023-01-15 v3.1.10 (3.1.10)
))
(/usr/local/texlive/2023/texmf-dist/tex/generic/pgf/basiclayer/pgfcore.code.tex
Package: pgfcore 2023-01-15 v3.1.10 (3.1.10)
(/usr/local/texlive/2023/texmf-dist/tex/generic/pgf/math/pgfmath.code.tex
(/usr/local/texlive/2023/texmf-dist/tex/generic/pgf/math/pgfmathutil.code.tex)
(/usr/local/texlive/2023/texmf-dist/tex/generic/pgf/math/pgfmathparser.code.tex
\pgfmath@dimen=\dimen283
\pgfmath@count=\count483
\pgfmath@box=\box123
\pgfmath@toks=\toks41
\pgfmath@stack@operand=\toks42
\pgfmath@stack@operation=\toks43
)
(/usr/local/texlive/2023/texmf-dist/tex/generic/pgf/math/pgfmathfunctions.code.
tex)
(/usr/local/texlive/2023/texmf-dist/tex/generic/pgf/math/pgfmathfunctions.basic
.code.tex)
(/usr/local/texlive/2023/texmf-dist/tex/generic/pgf/math/pgfmathfunctions.trigo
nometric.code.tex)
(/usr/local/texlive/2023/texmf-dist/tex/generic/pgf/math/pgfmathfunctions.rando
m.code.tex)
(/usr/local/texlive/2023/texmf-dist/tex/generic/pgf/math/pgfmathfunctions.compa
rison.code.tex)
(/usr/local/texlive/2023/texmf-dist/tex/generic/pgf/math/pgfmathfunctions.base.
code.tex)
(/usr/local/texlive/2023/texmf-dist/tex/generic/pgf/math/pgfmathfunctions.round
.code.tex)
(/usr/local/texlive/2023/texmf-dist/tex/generic/pgf/math/pgfmathfunctions.misc.
code.tex)
(/usr/local/texlive/2023/texmf-dist/tex/generic/pgf/math/pgfmathfunctions.integ
erarithmetics.code.tex)
(/usr/local/texlive/2023/texmf-dist/tex/generic/pgf/math/pgfmathcalc.code.tex)
(/usr/local/texlive/2023/texmf-dist/tex/generic/pgf/math/pgfmathfloat.code.tex
\c@pgfmathroundto@lastzeros=\count484
)) (/usr/local/texlive/2023/texmf-dist/tex/generic/pgf/math/pgfint.code.tex)
(/usr/local/texlive/2023/texmf-dist/tex/generic/pgf/basiclayer/pgfcorepoints.co
de.tex
File: pgfcorepoints.code.tex 2023-01-15 v3.1.10 (3.1.10)
\pgf@picminx=\dimen284
\pgf@picmaxx=\dimen285
\pgf@picminy=\dimen286
\pgf@picmaxy=\dimen287
\pgf@pathminx=\dimen288
\pgf@pathmaxx=\dimen289
\pgf@pathminy=\dimen290
\pgf@pathmaxy=\dimen291
\pgf@xx=\dimen292
\pgf@xy=\dimen293
\pgf@yx=\dimen294
\pgf@yy=\dimen295
\pgf@zx=\dimen296
\pgf@zy=\dimen297
)
(/usr/local/texlive/2023/texmf-dist/tex/generic/pgf/basiclayer/pgfcorepathconst
ruct.code.tex
File: pgfcorepathconstruct.code.tex 2023-01-15 v3.1.10 (3.1.10)
\pgf@path@lastx=\dimen298
\pgf@path@lasty=\dimen299
)
(/usr/local/texlive/2023/texmf-dist/tex/generic/pgf/basiclayer/pgfcorepathusage
.code.tex
File: pgfcorepathusage.code.tex 2023-01-15 v3.1.10 (3.1.10)
\pgf@shorten@end@additional=\dimen300
\pgf@shorten@start@additional=\dimen301
)
(/usr/local/texlive/2023/texmf-dist/tex/generic/pgf/basiclayer/pgfcorescopes.co
de.tex
File: pgfcorescopes.code.tex 2023-01-15 v3.1.10 (3.1.10)
\pgfpic=\box124
\pgf@hbox=\box125
\pgf@layerbox@main=\box126
\pgf@picture@serial@count=\count485
)
(/usr/local/texlive/2023/texmf-dist/tex/generic/pgf/basiclayer/pgfcoregraphicst
ate.code.tex
File: pgfcoregraphicstate.code.tex 2023-01-15 v3.1.10 (3.1.10)
\pgflinewidth=\dimen302
)
(/usr/local/texlive/2023/texmf-dist/tex/generic/pgf/basiclayer/pgfcoretransform
ations.code.tex
File: pgfcoretransformations.code.tex 2023-01-15 v3.1.10 (3.1.10)
\pgf@pt@x=\dimen303
\pgf@pt@y=\dimen304
\pgf@pt@temp=\dimen305
)
(/usr/local/texlive/2023/texmf-dist/tex/generic/pgf/basiclayer/pgfcorequick.cod
e.tex
File: pgfcorequick.code.tex 2023-01-15 v3.1.10 (3.1.10)
)
(/usr/local/texlive/2023/texmf-dist/tex/generic/pgf/basiclayer/pgfcoreobjects.c
ode.tex
File: pgfcoreobjects.code.tex 2023-01-15 v3.1.10 (3.1.10)
)
(/usr/local/texlive/2023/texmf-dist/tex/generic/pgf/basiclayer/pgfcorepathproce
ssing.code.tex
File: pgfcorepathprocessing.code.tex 2023-01-15 v3.1.10 (3.1.10)
)
(/usr/local/texlive/2023/texmf-dist/tex/generic/pgf/basiclayer/pgfcorearrows.co
de.tex
File: pgfcorearrows.code.tex 2023-01-15 v3.1.10 (3.1.10)
\pgfarrowsep=\dimen306
)
(/usr/local/texlive/2023/texmf-dist/tex/generic/pgf/basiclayer/pgfcoreshade.cod
e.tex
File: pgfcoreshade.code.tex 2023-01-15 v3.1.10 (3.1.10)
\pgf@max=\dimen307
\pgf@sys@shading@range@num=\count486
\pgf@shadingcount=\count487
)
(/usr/local/texlive/2023/texmf-dist/tex/generic/pgf/basiclayer/pgfcoreimage.cod
e.tex
File: pgfcoreimage.code.tex 2023-01-15 v3.1.10 (3.1.10)
)
(/usr/local/texlive/2023/texmf-dist/tex/generic/pgf/basiclayer/pgfcoreexternal.
code.tex
File: pgfcoreexternal.code.tex 2023-01-15 v3.1.10 (3.1.10)
\pgfexternal@startupbox=\box127
)
(/usr/local/texlive/2023/texmf-dist/tex/generic/pgf/basiclayer/pgfcorelayers.co
de.tex
File: pgfcorelayers.code.tex 2023-01-15 v3.1.10 (3.1.10)
)
(/usr/local/texlive/2023/texmf-dist/tex/generic/pgf/basiclayer/pgfcoretranspare
ncy.code.tex
File: pgfcoretransparency.code.tex 2023-01-15 v3.1.10 (3.1.10)
)
(/usr/local/texlive/2023/texmf-dist/tex/generic/pgf/basiclayer/pgfcorepatterns.
code.tex
File: pgfcorepatterns.code.tex 2023-01-15 v3.1.10 (3.1.10)
)
(/usr/local/texlive/2023/texmf-dist/tex/generic/pgf/basiclayer/pgfcorerdf.code.
tex
File: pgfcorerdf.code.tex 2023-01-15 v3.1.10 (3.1.10)
)))
(/usr/local/texlive/2023/texmf-dist/tex/generic/pgf/modules/pgfmoduleshapes.cod
e.tex
File: pgfmoduleshapes.code.tex 2023-01-15 v3.1.10 (3.1.10)
\pgfnodeparttextbox=\box128
)
(/usr/local/texlive/2023/texmf-dist/tex/generic/pgf/modules/pgfmoduleplot.code.
tex
File: pgfmoduleplot.code.tex 2023-01-15 v3.1.10 (3.1.10)
)
(/usr/local/texlive/2023/texmf-dist/tex/latex/pgf/compatibility/pgfcomp-version
-0-65.sty
Package: pgfcomp-version-0-65 2023-01-15 v3.1.10 (3.1.10)
\pgf@nodesepstart=\dimen308
\pgf@nodesepend=\dimen309
)
(/usr/local/texlive/2023/texmf-dist/tex/latex/pgf/compatibility/pgfcomp-version
-1-18.sty
Package: pgfcomp-version-1-18 2023-01-15 v3.1.10 (3.1.10)
)) (/usr/local/texlive/2023/texmf-dist/tex/latex/tools/verbatim.sty
Package: verbatim 2022-07-02 v1.5u LaTeX2e package for verbatim enhancements
\every@verbatim=\toks44
\verbatim@line=\toks45
\verbatim@in@stream=\read7
)
(/usr/local/texlive/2023/texmf-dist/tex/latex/environ/environ.sty
Package: environ 2014/05/04 v0.3 A new way to define environments

(/usr/local/texlive/2023/texmf-dist/tex/latex/trimspaces/trimspaces.sty
Package: trimspaces 2009/09/17 v1.1 Trim spaces around a token list
)
\@envbody=\toks46
)
\tcb@titlebox=\box129
\tcb@upperbox=\box130
\tcb@lowerbox=\box131
\tcb@phantombox=\box132
\c@tcbbreakpart=\count488
\c@tcblayer=\count489
\c@tcolorbox@number=\count490
\tcb@temp=\box133
\tcb@temp=\box134
\tcb@temp=\box135
\tcb@temp=\box136
)
(/usr/local/texlive/2023/texmf-dist/tex/latex/geometry/geometry.sty
Package: geometry 2020/01/02 v5.9 Page Geometry

(/usr/local/texlive/2023/texmf-dist/tex/generic/iftex/ifvtex.sty
Package: ifvtex 2019/10/25 v1.7 ifvtex legacy package. Use iftex instead.
)
\Gm@cnth=\count491
\Gm@cntv=\count492
\c@Gm@tempcnt=\count493
\Gm@bindingoffset=\dimen310
\Gm@wd@mp=\dimen311
\Gm@odd@mp=\dimen312
\Gm@even@mp=\dimen313
\Gm@layoutwidth=\dimen314
\Gm@layoutheight=\dimen315
\Gm@layouthoffset=\dimen316
\Gm@layoutvoffset=\dimen317
\Gm@dimlist=\toks47
)
(/usr/local/texlive/2023/texmf-dist/tex/latex/setspace/setspace.sty
Package: setspace 2022/12/04 v6.7b set line spacing
)
(/usr/local/texlive/2023/texmf-dist/tex/latex/fancyhdr/fancyhdr.sty
Package: fancyhdr 2022/11/09 v4.1 Extensive control of page headers and footers

\f@nch@headwidth=\skip86
\f@nch@O@elh=\skip87
\f@nch@O@erh=\skip88
\f@nch@O@olh=\skip89
\f@nch@O@orh=\skip90
\f@nch@O@elf=\skip91
\f@nch@O@erf=\skip92
\f@nch@O@olf=\skip93
\f@nch@O@orf=\skip94
)
(/usr/local/texlive/2023/texmf-dist/tex/latex/hyperref/hyperref.sty
Package: hyperref 2023-07-08 v7.01b Hypertext links for LaTeX

(/usr/local/texlive/2023/texmf-dist/tex/generic/kvdefinekeys/kvdefinekeys.sty
Package: kvdefinekeys 2019-12-19 v1.6 Define keys (HO)
)
(/usr/local/texlive/2023/texmf-dist/tex/generic/pdfescape/pdfescape.sty
Package: pdfescape 2019/12/09 v1.15 Implements pdfTeX's escape features (HO)
)
(/usr/local/texlive/2023/texmf-dist/tex/latex/hycolor/hycolor.sty
Package: hycolor 2020-01-27 v1.10 Color options for hyperref/bookmark (HO)
)
(/usr/local/texlive/2023/texmf-dist/tex/latex/letltxmacro/letltxmacro.sty
Package: letltxmacro 2019/12/03 v1.6 Let assignment for LaTeX macros (HO)
)
(/usr/local/texlive/2023/texmf-dist/tex/latex/auxhook/auxhook.sty
Package: auxhook 2019-12-17 v1.6 Hooks for auxiliary files (HO)
)
(/usr/local/texlive/2023/texmf-dist/tex/latex/hyperref/nameref.sty
Package: nameref 2023-08-07 v2.53 Cross-referencing by name of section

(/usr/local/texlive/2023/texmf-dist/tex/latex/refcount/refcount.sty
Package: refcount 2019/12/15 v3.6 Data extraction from label references (HO)
)
(/usr/local/texlive/2023/texmf-dist/tex/generic/gettitlestring/gettitlestring.s
ty
Package: gettitlestring 2019/12/15 v1.6 Cleanup title references (HO)
)
\c@section@level=\count494
)
\@linkdim=\dimen318
\Hy@linkcounter=\count495
\Hy@pagecounter=\count496
 (/usr/local/texlive/2023/texmf-dist/tex/latex/hyperref/pd1enc.def
File: pd1enc.def 2023-07-08 v7.01b Hyperref: PDFDocEncoding definition (HO)
)
(/usr/local/texlive/2023/texmf-dist/tex/generic/intcalc/intcalc.sty
Package: intcalc 2019/12/15 v1.3 Expandable calculations with integers (HO)
)
\Hy@SavedSpaceFactor=\count497

(/usr/local/texlive/2023/texmf-dist/tex/latex/hyperref/puenc.def
File: puenc.def 2023-07-08 v7.01b Hyperref: PDF Unicode definition (HO)

(/usr/local/texlive/2023/texmf-dist/tex/latex/greek-fontenc/puenc-greek.def
File: puenc-greek.def 2023-09-12 2.5 Greek LICRs for PDF strings

(/usr/local/texlive/2023/texmf-dist/tex/latex/greek-fontenc/greek-fontenc.def
File: greek-fontenc.def 2023-09-12 2.5 Common Greek font encoding definitions
)))
Package hyperref Info: Option `colorlinks' set `false' on input line 4050.
Package hyperref Info: Option `breaklinks' set `true' on input line 4050.
Package hyperref Info: Option `pdfusetitle' set `true' on input line 4050.
Package hyperref Info: Hyper figures OFF on input line 4167.
Package hyperref Info: Link nesting OFF on input line 4172.
Package hyperref Info: Hyper index ON on input line 4175.
Package hyperref Info: Plain pages OFF on input line 4182.
Package hyperref Info: Backreferencing OFF on input line 4187.
Package hyperref Info: Implicit mode ON; LaTeX internals redefined.
Package hyperref Info: Bookmarks ON on input line 4434.
\c@Hy@tempcnt=\count498
LaTeX Info: Redefining \url on input line 4772.
\XeTeXLinkMargin=\dimen319
 (/usr/local/texlive/2023/texmf-dist/tex/generic/bitset/bitset.sty
Package: bitset 2019/12/09 v1.3 Handle bit-vector datatype (HO)

(/usr/local/texlive/2023/texmf-dist/tex/generic/bigintcalc/bigintcalc.sty
Package: bigintcalc 2019/12/15 v1.5 Expandable calculations on big integers (HO
)
))
\Fld@menulength=\count499
\Field@Width=\dimen320
\Fld@charsize=\dimen321
Package hyperref Info: Hyper figures OFF on input line 6051.
Package hyperref Info: Link nesting OFF on input line 6056.
Package hyperref Info: Hyper index ON on input line 6059.
Package hyperref Info: backreferencing OFF on input line 6066.
Package hyperref Info: Link coloring OFF on input line 6071.
Package hyperref Info: Link coloring with OCG OFF on input line 6076.
Package hyperref Info: PDF/A mode OFF on input line 6081.

(/usr/local/texlive/2023/texmf-dist/tex/latex/base/atbegshi-ltx.sty
Package: atbegshi-ltx 2021/01/10 v1.0c Emulation of the original atbegshi
package with kernel methods
)
\Hy@abspage=\count500
\c@Item=\count501
\c@Hfootnote=\count502
)
Package hyperref Info: Driver (autodetected): hxetex.

(/usr/local/texlive/2023/texmf-dist/tex/latex/hyperref/hxetex.def
File: hxetex.def 2023-07-08 v7.01b Hyperref driver for XeTeX

(/usr/local/texlive/2023/texmf-dist/tex/generic/stringenc/stringenc.sty
Package: stringenc 2019/11/29 v1.12 Convert strings between diff. encodings (HO
)
)
\pdfm@box=\box137
\c@Hy@AnnotLevel=\count503
\HyField@AnnotCount=\count504
\Fld@listcount=\count505
\c@bookmark@seq@number=\count506

(/usr/local/texlive/2023/texmf-dist/tex/latex/rerunfilecheck/rerunfilecheck.sty
Package: rerunfilecheck 2022-07-10 v1.10 Rerun checks for auxiliary files (HO)
(/usr/local/texlive/2023/texmf-dist/tex/latex/base/atveryend-ltx.sty
Package: atveryend-ltx 2020/08/19 v1.0a Emulation of the original atveryend pac
kage
with kernel methods
)
(/usr/local/texlive/2023/texmf-dist/tex/generic/uniquecounter/uniquecounter.sty
Package: uniquecounter 2019/12/15 v1.4 Provide unlimited unique counter (HO)
)
Package uniquecounter Info: New unique counter `rerunfilecheck' on input line 2
85.
)
\Hy@SectionHShift=\skip95
) (/usr/local/texlive/2023/texmf-dist/tex/latex/bookmark/bookmark.sty
Package: bookmark 2020-11-06 v1.29 PDF bookmarks (HO)

(/usr/local/texlive/2023/texmf-dist/tex/latex/bookmark/bkm-dvipdfm.def
File: bkm-dvipdfm.def 2020-11-06 v1.29 bookmark driver for dvipdfm (HO)
\BKM@id=\count507
))
(/usr/local/texlive/2023/texmf-dist/tex/latex/glossaries/base/glossaries.sty
Package: glossaries 2023/09/29 v4.53 (NLCT)

(/usr/local/texlive/2023/texmf-dist/tex/latex/xkeyval/xkeyval.sty
Package: xkeyval 2022/06/16 v2.9 package option processing (HA)

(/usr/local/texlive/2023/texmf-dist/tex/generic/xkeyval/xkeyval.tex
(/usr/local/texlive/2023/texmf-dist/tex/generic/xkeyval/xkvutils.tex
\XKV@toks=\toks48
\XKV@tempa@toks=\toks49
)
\XKV@depth=\count508
File: xkeyval.tex 2014/12/03 v2.7a key=value parser (HA)
))
(/usr/local/texlive/2023/texmf-dist/tex/latex/mfirstuc/mfirstuc.sty
Package: mfirstuc 2022/10/14 v2.08 (NLCT)
\@glsmfirst=\toks50
\@glsmrest=\toks51
)
(/usr/local/texlive/2023/texmf-dist/tex/latex/xfor/xfor.sty
Package: xfor 2009/02/05 v1.05 (NLCT)
)
(/usr/local/texlive/2023/texmf-dist/tex/latex/datatool/datatool-base.sty
Package: datatool-base 2019/09/27 v2.32 (NLCT)

(/usr/local/texlive/2023/texmf-dist/tex/latex/amsmath/amsmath.sty
Package: amsmath 2023/05/13 v2.17o AMS math features
\@mathmargin=\skip96

For additional information on amsmath, use the `?' option.
(/usr/local/texlive/2023/texmf-dist/tex/latex/amsmath/amstext.sty
Package: amstext 2021/08/26 v2.01 AMS text

(/usr/local/texlive/2023/texmf-dist/tex/latex/amsmath/amsgen.sty
File: amsgen.sty 1999/11/30 v2.0 generic functions
\@emptytoks=\toks52
\ex@=\dimen322
))
(/usr/local/texlive/2023/texmf-dist/tex/latex/amsmath/amsbsy.sty
Package: amsbsy 1999/11/29 v1.2d Bold Symbols
\pmbraise@=\dimen323
)
(/usr/local/texlive/2023/texmf-dist/tex/latex/amsmath/amsopn.sty
Package: amsopn 2022/04/08 v2.04 operator names
)
\inf@bad=\count509
LaTeX Info: Redefining \frac on input line 234.
\uproot@=\count510
\leftroot@=\count511
LaTeX Info: Redefining \overline on input line 399.
LaTeX Info: Redefining \colon on input line 410.
\classnum@=\count512
\DOTSCASE@=\count513
LaTeX Info: Redefining \ldots on input line 496.
LaTeX Info: Redefining \dots on input line 499.
LaTeX Info: Redefining \cdots on input line 620.
\Mathstrutbox@=\box138
\strutbox@=\box139
LaTeX Info: Redefining \big on input line 722.
LaTeX Info: Redefining \Big on input line 723.
LaTeX Info: Redefining \bigg on input line 724.
LaTeX Info: Redefining \Bigg on input line 725.
\big@size=\dimen324
LaTeX Font Info:    Redeclaring font encoding OML on input line 743.
LaTeX Font Info:    Redeclaring font encoding OMS on input line 744.
\macc@depth=\count514
LaTeX Info: Redefining \bmod on input line 905.
LaTeX Info: Redefining \pmod on input line 910.
LaTeX Info: Redefining \smash on input line 940.
LaTeX Info: Redefining \relbar on input line 970.
LaTeX Info: Redefining \Relbar on input line 971.
\c@MaxMatrixCols=\count515
\dotsspace@=\muskip21
\c@parentequation=\count516
\dspbrk@lvl=\count517
\tag@help=\toks53
\row@=\count518
\column@=\count519
\maxfields@=\count520
\andhelp@=\toks54
\eqnshift@=\dimen325
\alignsep@=\dimen326
\tagshift@=\dimen327
\tagwidth@=\dimen328
\totwidth@=\dimen329
\lineht@=\dimen330
\@envbody=\toks55
\multlinegap=\skip97
\multlinetaggap=\skip98
\mathdisplay@stack=\toks56
LaTeX Info: Redefining \[ on input line 2953.
LaTeX Info: Redefining \] on input line 2954.
)
\linenoamsmath@ams@eqpen=\count521

(/usr/local/texlive/2023/texmf-dist/tex/latex/substr/substr.sty
Package: substr 2009/10/20 v1.2 Handle substrings
\c@su@anzahl=\count522
)
(/usr/local/texlive/2023/texmf-dist/tex/latex/datatool/datatool-fp.sty
Package: datatool-fp 2019/09/27 v2.32 (NLCT)

(/usr/local/texlive/2023/texmf-dist/tex/latex/fp/fp.sty
Package: fp 1995/04/02

`Fixed Point Package', Version 0.8, April 2, 1995 (C) Michael Mehlich
(/usr/local/texlive/2023/texmf-dist/tex/latex/fp/defpattern.sty
Package: defpattern 1994/10/12
\actioncount=\count523
)
(/usr/local/texlive/2023/texmf-dist/tex/latex/fp/fp-basic.sty
Package: fp-basic 1996/05/13
\FP@xs=\count524
\FP@xia=\count525
\FP@xib=\count526
\FP@xfa=\count527
\FP@xfb=\count528
\FP@rega=\count529
\FP@regb=\count530
\FP@regs=\count531
\FP@times=\count532
)
(/usr/local/texlive/2023/texmf-dist/tex/latex/fp/fp-addons.sty
Package: fp-addons 1995/03/15
)
(/usr/local/texlive/2023/texmf-dist/tex/latex/fp/fp-snap.sty
Package: fp-snap 1995/04/05
)
(/usr/local/texlive/2023/texmf-dist/tex/latex/fp/fp-exp.sty
Package: fp-exp 1995/04/03
)
(/usr/local/texlive/2023/texmf-dist/tex/latex/fp/fp-trigo.sty
Package: fp-trigo 1995/04/14
)
(/usr/local/texlive/2023/texmf-dist/tex/latex/fp/fp-pas.sty
Package: fp-pas 1994/08/29
)
(/usr/local/texlive/2023/texmf-dist/tex/latex/fp/fp-random.sty
Package: fp-random 1995/02/23
\FPseed=\count533
)
(/usr/local/texlive/2023/texmf-dist/tex/latex/fp/fp-eqn.sty
Package: fp-eqn 1995/04/03
)
(/usr/local/texlive/2023/texmf-dist/tex/latex/fp/fp-upn.sty
Package: fp-upn 1996/10/21
)
(/usr/local/texlive/2023/texmf-dist/tex/latex/fp/fp-eval.sty
Package: fp-eval 1995/04/03
)))
\@dtl@toks=\toks57
\@dtl@tmpcount=\count534
\dtl@tmplength=\skip99
\dtl@sortresult=\count535
\@dtl@numgrpsepcount=\count536
\@dtl@datatype=\count537
\dtl@codeA=\count538
\dtl@codeB=\count539
\@dtl@foreach@level=\count540
)
(/usr/local/texlive/2023/texmf-dist/tex/latex/tracklang/tracklang.sty
Package: tracklang 2022/12/13 v1.6.1 (NLCT) Track Languages

(/usr/local/texlive/2023/texmf-dist/tex/generic/tracklang/tracklang.tex))
(/usr/local/texlive/2023/texmf-dist/tex/latex/translator/translator.sty
Package: translator 2021-05-31 v1.12d Easy translation of strings in LaTeX
)
(/usr/local/texlive/2023/texmf-dist/tex/latex/glossaries-french/glossaries-fren
ch.ldf
File: glossaries-french.ldf 2016/12/12 v1.1
)
\gls@level=\count541
\@gls@tmpb=\toks58
\gls@tmplen=\skip100
\glskeylisttok=\toks59
\glslabeltok=\toks60
\glsshorttok=\toks61
\glslongtok=\toks62

(/usr/local/texlive/2023/texmf-dist/tex/latex/glossaries/styles/glossary-hypern
av.sty
Package: glossary-hypernav 2023/09/29 v4.53 (NLCT)
)
(/usr/local/texlive/2023/texmf-dist/tex/latex/glossaries/styles/glossary-list.s
ty
Package: glossary-list 2023/09/29 v4.53 (NLCT)
\glslistdottedwidth=\skip101
)
(/usr/local/texlive/2023/texmf-dist/tex/latex/glossaries/styles/glossary-long.s
ty
Package: glossary-long 2023/09/29 v4.53 (NLCT)
\glsdescwidth=\skip102
\glspagelistwidth=\skip103
)
(/usr/local/texlive/2023/texmf-dist/tex/latex/glossaries/styles/glossary-super.
sty
Package: glossary-super 2023/09/29 v4.53 (NLCT)
 (/usr/local/texlive/2023/texmf-dist/tex/latex/supertabular/supertabular.sty
Package: supertabular 2020/02/02 v4.1g the supertabular environment
\c@tracingst=\count542
\ST@wd=\dimen331
\ST@rightskip=\skip104
\ST@leftskip=\skip105
\ST@parfillskip=\skip106
\ST@pageleft=\dimen332
\ST@headht=\dimen333
\ST@tailht=\dimen334
\ST@pagesofar=\dimen335
\ST@pboxht=\dimen336
\ST@lineht=\dimen337
\ST@prevht=\dimen338
\ST@toadd=\dimen339
\ST@dimen=\dimen340
\ST@pbox=\box140
))
(/usr/local/texlive/2023/texmf-dist/tex/latex/glossaries/styles/glossary-tree.s
ty
Package: glossary-tree 2023/09/29 v4.53 (NLCT)
\glstreeindent=\skip107
))
\glswrite=\write7
\glo@main@file=\write8
\openout8 = `memoire_tex.glo'.

Package glossaries Info: Writing glossary file memoire_tex.glo on input line 84
.
 (./glossaire.tex)
Package csquotes Info: Checking for multilingual support...
Package csquotes Info: ... found 'babel' package.
Package csquotes Info: Adjusting default style.
Package csquotes Info: Redefining alias 'default' -> 'french'.
runsystem(command -v pygmentize && touch memoire_tex.aex)...executed.

runsystem(rm memoire_tex.aex)...executed.

 (./memoire_tex.aux)
\openout1 = `memoire_tex.aux'.

LaTeX Font Info:    Checking defaults for OML/cmm/m/it on input line 122.
LaTeX Font Info:    ... okay on input line 122.
LaTeX Font Info:    Checking defaults for OMS/cmsy/m/n on input line 122.
LaTeX Font Info:    ... okay on input line 122.
LaTeX Font Info:    Checking defaults for OT1/cmr/m/n on input line 122.
LaTeX Font Info:    ... okay on input line 122.
LaTeX Font Info:    Checking defaults for T1/cmr/m/n on input line 122.
LaTeX Font Info:    ... okay on input line 122.
LaTeX Font Info:    Checking defaults for TS1/cmr/m/n on input line 122.
LaTeX Font Info:    Trying to load font information for TS1+cmr on input line 1
22.

(/usr/local/texlive/2023/texmf-dist/tex/latex/base/ts1cmr.fd
File: ts1cmr.fd 2023/04/13 v2.5m Standard LaTeX font definitions
)
LaTeX Font Info:    ... okay on input line 122.
LaTeX Font Info:    Checking defaults for TU/lmr/m/n on input line 122.
LaTeX Font Info:    ... okay on input line 122.
LaTeX Font Info:    Checking defaults for OMX/cmex/m/n on input line 122.
LaTeX Font Info:    ... okay on input line 122.
LaTeX Font Info:    Checking defaults for U/cmr/m/n on input line 122.
LaTeX Font Info:    ... okay on input line 122.
LaTeX Font Info:    Checking defaults for T3/cmr/m/n on input line 122.
LaTeX Font Info:    Trying to load font information for T3+cmr on input line 12
2.

(/usr/local/texlive/2023/texmf-dist/tex/latex/tipa/t3cmr.fd
File: t3cmr.fd 2001/12/31 TIPA font definitions
)
LaTeX Font Info:    ... okay on input line 122.
LaTeX Font Info:    Checking defaults for PD1/pdf/m/n on input line 122.
LaTeX Font Info:    ... okay on input line 122.
LaTeX Font Info:    Checking defaults for PU/pdf/m/n on input line 122.
LaTeX Font Info:    ... okay on input line 122.

Package fontspec Info: Adjusting the maths setup (use [no-math] to avoid
(fontspec)             this).

\symlegacymaths=\mathgroup4
LaTeX Font Info:    Overwriting symbol font `legacymaths' in version `bold'
(Font)                  OT1/cmr/m/n --> OT1/cmr/bx/n on input line 122.
LaTeX Font Info:    Redeclaring math accent \acute on input line 122.
LaTeX Font Info:    Redeclaring math accent \grave on input line 122.
LaTeX Font Info:    Redeclaring math accent \ddot on input line 122.
LaTeX Font Info:    Redeclaring math accent \tilde on input line 122.
LaTeX Font Info:    Redeclaring math accent \bar on input line 122.
LaTeX Font Info:    Redeclaring math accent \breve on input line 122.
LaTeX Font Info:    Redeclaring math accent \check on input line 122.
LaTeX Font Info:    Redeclaring math accent \hat on input line 122.
LaTeX Font Info:    Redeclaring math accent \dot on input line 122.
LaTeX Font Info:    Redeclaring math accent \mathring on input line 122.
LaTeX Font Info:    Redeclaring math symbol \Gamma on input line 122.
LaTeX Font Info:    Redeclaring math symbol \Delta on input line 122.
LaTeX Font Info:    Redeclaring math symbol \Theta on input line 122.
LaTeX Font Info:    Redeclaring math symbol \Lambda on input line 122.
LaTeX Font Info:    Redeclaring math symbol \Xi on input line 122.
LaTeX Font Info:    Redeclaring math symbol \Pi on input line 122.
LaTeX Font Info:    Redeclaring math symbol \Sigma on input line 122.
LaTeX Font Info:    Redeclaring math symbol \Upsilon on input line 122.
LaTeX Font Info:    Redeclaring math symbol \Phi on input line 122.
LaTeX Font Info:    Redeclaring math symbol \Psi on input line 122.
LaTeX Font Info:    Redeclaring math symbol \Omega on input line 122.
LaTeX Font Info:    Redeclaring math symbol \mathdollar on input line 122.
LaTeX Font Info:    Redeclaring symbol font `operators' on input line 122.
LaTeX Font Info:    Encoding `OT1' has changed to `TU' for symbol font
(Font)              `operators' in the math version `normal' on input line 122.

LaTeX Font Info:    Overwriting symbol font `operators' in version `normal'
(Font)                  OT1/cmr/m/n --> TU/lmr/m/n on input line 122.
LaTeX Font Info:    Encoding `OT1' has changed to `TU' for symbol font
(Font)              `operators' in the math version `bold' on input line 122.
LaTeX Font Info:    Overwriting symbol font `operators' in version `bold'
(Font)                  OT1/cmr/bx/n --> TU/lmr/m/n on input line 122.
LaTeX Font Info:    Overwriting symbol font `operators' in version `normal'
(Font)                  TU/lmr/m/n --> TU/lmr/m/n on input line 122.
LaTeX Font Info:    Overwriting math alphabet `\mathit' in version `normal'
(Font)                  OT1/cmr/m/it --> TU/lmr/m/it on input line 122.
LaTeX Font Info:    Overwriting math alphabet `\mathbf' in version `normal'
(Font)                  OT1/cmr/bx/n --> TU/lmr/b/n on input line 122.
LaTeX Font Info:    Overwriting math alphabet `\mathsf' in version `normal'
(Font)                  OT1/cmss/m/n --> TU/lmss/m/n on input line 122.
LaTeX Font Info:    Overwriting math alphabet `\mathtt' in version `normal'
(Font)                  OT1/cmtt/m/n --> TU/lmtt/m/n on input line 122.
LaTeX Font Info:    Overwriting symbol font `operators' in version `bold'
(Font)                  TU/lmr/m/n --> TU/lmr/b/n on input line 122.
LaTeX Font Info:    Overwriting math alphabet `\mathit' in version `bold'
(Font)                  OT1/cmr/bx/it --> TU/lmr/b/it on input line 122.
LaTeX Font Info:    Overwriting math alphabet `\mathsf' in version `bold'
(Font)                  OT1/cmss/bx/n --> TU/lmss/b/n on input line 122.
LaTeX Font Info:    Overwriting math alphabet `\mathtt' in version `bold'
(Font)                  OT1/cmtt/m/n --> TU/lmtt/b/n on input line 122.
Package french.ldf Info: Setting StandardItemizeEnv=true for
(french.ldf)             compatibility with enumitem package,
(french.ldf)             reported on input line 122.
Package french.ldf Info: Setting StandardEnumerateEnv=true for
(french.ldf)             compatibility with enumitem package,
(french.ldf)             reported on input line 122.
LaTeX Info: Redefining \up on input line 122.
Package biblatex Info: Trying to load language 'french'...
Package biblatex Info: ... file 'french.lbx' found.

(/usr/local/texlive/2023/texmf-dist/tex/latex/biblatex/lbx/french.lbx
File: french.lbx 2023/03/05 v3.19 biblatex localization (PK/MW)
)
Package biblatex Info: XeTeX detected.
(biblatex)             Assuming input encoding 'utf8'.
Package biblatex Info: Automatic encoding selection.
(biblatex)             Assuming data encoding 'utf8'.
\openout3 = `memoire_tex.bcf'.

Package biblatex Info: Trying to load bibliographic data...
Package biblatex Info: ... file 'memoire_tex.bbl' found.

(./memoire_tex.bbl)
Package biblatex Info: Reference section=0 on input line 122.
Package biblatex Info: Reference segment=0 on input line 122.

(/usr/local/texlive/2023/texmf-dist/tex/latex/pdflscape/pdflscape.sty
Package: pdflscape 2022-10-27 v0.13 Display of landscape pages in PDF

(/usr/local/texlive/2023/texmf-dist/tex/latex/pdflscape/pdflscape-nometadata.st
y
Package: pdflscape-nometadata 2022-10-28 v0.13 Display of landscape pages in PD
F (HO)
 (/usr/local/texlive/2023/texmf-dist/tex/latex/graphics/lscape.sty
Package: lscape 2020/05/28 v3.02 Landscape Pages (DPC)
)
Package pdflscape Info: Auto-detected driver: dvipdfm (xetex) on input line 98.

))
\c@lstlisting=\count543

*geometry* driver: auto-detecting
*geometry* detected driver: xetex
*geometry* verbose mode - [ preamble ] result:
* driver: xetex
* paper: a4paper
* layout: <same size as paper>
* layoutoffset:(h,v)=(0.0pt,0.0pt)
* modes: twoside 
* h-part:(L,W,R)=(71.13188pt, 455.24411pt, 71.13188pt)
* v-part:(T,H,B)=(71.13188pt, 702.78308pt, 71.13188pt)
* \paperwidth=597.50787pt
* \paperheight=845.04684pt
* \textwidth=455.24411pt
* \textheight=702.78308pt
* \oddsidemargin=-1.1381pt
* \evensidemargin=-1.1381pt
* \topmargin=-33.0119pt
* \headheight=16.0pt
* \headsep=19.8738pt
* \topskip=12.0pt
* \footskip=30.0pt
* \marginparwidth=88.0pt
* \marginparsep=7.0pt
* \columnsep=10.0pt
* \skip\footins=10.8pt plus 4.0pt minus 2.0pt
* \hoffset=0.0pt
* \voffset=0.0pt
* \mag=1000
* \@twocolumnfalse
* \@twosidetrue
* \@mparswitchtrue
* \@reversemarginfalse
* (1in=72.27pt=25.4mm, 1cm=28.453pt)

Package hyperref Info: Link coloring OFF on input line 122.
[1

\openout7 = `memoire_tex.ist'.


] [2

] (./chapitres/rsum.tex) [1


] [2

] (./chapitres/remerciements.tex)
[3

] [4

] [5

] [6] [7]
Overfull \hbox (0.82774pt too wide) in paragraph at lines 202--202
[]\TU/lmr/m/sc/12 Rocktschel []\TU/lmr/m/n/12 (Tim), \TU/lmr/m/it/12 et al.\TU
/lmr/m/n/12 , \TU/lmr/m/it/12 Retrieval-Augmented Generation for Knowledge-Inte
nsive
 []

[8]
Overfull \hbox (14.14749pt too wide) in paragraph at lines 203--203
[][][][][][][][] [][] [][][][][][][][][][] [][] [][] [][] [][][][][][][][][] []
[] [][][][][][] [][] [][] [][] [][][][][][][][][][][]$[] \TU/lmr/m/n/12 (visit
 le 02/08/2024). 
 []


Overfull \hbox (22.07535pt too wide) in paragraph at lines 203--203
[][] [] [][] [] [][][][][][][][][][][][] [] [][][][][][][] [][] [][][][][] [][]
 [][][][][][][] [] [][][][][][] [][] [][][][][][][][][][][][][][] [] [][][][][]
[][][][][] [][]
 []

Missing character: There is no  (U+2009) in font [lmroman12-italic]:mapping=te
x-text;!

Package fancyhdr Warning: \headheight is too small (16.0pt): 
(fancyhdr)                Make it at least 29.71004pt, for example:
(fancyhdr)                \setlength{\headheight}{29.71004pt}.
(fancyhdr)                You might also make \topmargin smaller to compensate:

(fancyhdr)                \addtolength{\topmargin}{-13.71004pt}.

[9]
Overfull \hbox (6.50636pt too wide) in paragraph at lines 204--204
\TU/lmr/m/it/12 for LCSH Subject Assignment on Electronic Theses and Dissertati
ons\TU/lmr/m/n/12 , arXiv :2403.16424
 []

Missing character: There is no  (U+2009) in font [lmroman12-italic]:mapping=te
x-text;!

Package fancyhdr Warning: \headheight is too small (16.0pt): 
(fancyhdr)                Make it at least 29.71004pt, for example:
(fancyhdr)                \setlength{\headheight}{29.71004pt}.
(fancyhdr)                You might also make \topmargin smaller to compensate:

(fancyhdr)                \addtolength{\topmargin}{-13.71004pt}.

[10]
Overfull \hbox (73.02693pt too wide) in paragraph at lines 204--204
\TU/lmr/m/n/12 Modeling , \TU/lmr/m/it/12 Journal of Digital Humanities\TU/lmr
/m/n/12 1 (2012), \TU/lmr/m/sc/12 url \TU/lmr/m/n/12 : []$[][][][][] [] [] [] 
[][][][][][][][][][][][][][][][][][][][][][][][][][] []
 []


Package fancyhdr Warning: \headheight is too small (16.0pt): 
(fancyhdr)                Make it at least 29.71004pt, for example:
(fancyhdr)                \setlength{\headheight}{29.71004pt}.
(fancyhdr)                You might also make \topmargin smaller to compensate:

(fancyhdr)                \addtolength{\topmargin}{-13.71004pt}.

[11] [12]
Overfull \hbox (44.73535pt too wide) in paragraph at lines 207--207
[][][][][][][][] [] [][][][] [] [][][][][][][][][][] [] [][][][][][] [] [][][][
][] [] [][][][][][][][][][][][][][][][][][][][][][][][][][][][][][][][][][][][]
[][][][]$[]
 []

[13] [14] (./chapitres/intro.tex
Underfull \hbox (badness 10000) in paragraph at lines 42--56

 []

[15

]
Underfull \hbox (badness 10000) in paragraph at lines 119--119

 []

[16] [17]) [18] [1



] [2] (./chapitres/chapitre_1.tex
Chapitre 1.

Underfull \hbox (badness 10000) in paragraph at lines 10--66

 []

[3

]
Underfull \vbox (badness 2932) has occurred while \output is active []



Package fancyhdr Warning: \headheight is too small (16.0pt): 
(fancyhdr)                Make it at least 26.69023pt, for example:
(fancyhdr)                \setlength{\headheight}{26.69023pt}.
(fancyhdr)                You might also make \topmargin smaller to compensate:

(fancyhdr)                \addtolength{\topmargin}{-10.69023pt}.

[4]

Package fancyhdr Warning: \headheight is too small (16.0pt): 
(fancyhdr)                Make it at least 26.69023pt, for example:
(fancyhdr)                \setlength{\headheight}{26.69023pt}.
(fancyhdr)                You might also make \topmargin smaller to compensate:

(fancyhdr)                \addtolength{\topmargin}{-10.69023pt}.

[5]

Package fancyhdr Warning: \headheight is too small (16.0pt): 
(fancyhdr)                Make it at least 26.69023pt, for example:
(fancyhdr)                \setlength{\headheight}{26.69023pt}.
(fancyhdr)                You might also make \topmargin smaller to compensate:

(fancyhdr)                \addtolength{\topmargin}{-10.69023pt}.

[6]
Underfull \hbox (badness 10000) in paragraph at lines 188--196

 []


Package fancyhdr Warning: \headheight is too small (16.0pt): 
(fancyhdr)                Make it at least 26.69023pt, for example:
(fancyhdr)                \setlength{\headheight}{26.69023pt}.
(fancyhdr)                You might also make \topmargin smaller to compensate:

(fancyhdr)                \addtolength{\topmargin}{-10.69023pt}.

[7]

Package fancyhdr Warning: \headheight is too small (16.0pt): 
(fancyhdr)                Make it at least 26.69023pt, for example:
(fancyhdr)                \setlength{\headheight}{26.69023pt}.
(fancyhdr)                You might also make \topmargin smaller to compensate:

(fancyhdr)                \addtolength{\topmargin}{-10.69023pt}.

[8]

Package fancyhdr Warning: \headheight is too small (16.0pt): 
(fancyhdr)                Make it at least 26.69023pt, for example:
(fancyhdr)                \setlength{\headheight}{26.69023pt}.
(fancyhdr)                You might also make \topmargin smaller to compensate:

(fancyhdr)                \addtolength{\topmargin}{-10.69023pt}.

[9]
Underfull \hbox (badness 10000) in paragraph at lines 309--327

 []


Underfull \hbox (badness 10000) in paragraph at lines 328--349

 []


Package fancyhdr Warning: \headheight is too small (16.0pt): 
(fancyhdr)                Make it at least 26.69023pt, for example:
(fancyhdr)                \setlength{\headheight}{26.69023pt}.
(fancyhdr)                You might also make \topmargin smaller to compensate:

(fancyhdr)                \addtolength{\topmargin}{-10.69023pt}.

[10]) (./chapitres/chapitre_2.tex

Package fancyhdr Warning: \headheight is too small (16.0pt): 
(fancyhdr)                Make it at least 26.69023pt, for example:
(fancyhdr)                \setlength{\headheight}{26.69023pt}.
(fancyhdr)                You might also make \topmargin smaller to compensate:

(fancyhdr)                \addtolength{\topmargin}{-10.69023pt}.

[11]

Package fancyhdr Warning: \headheight is too small (16.0pt): 
(fancyhdr)                Make it at least 26.69023pt, for example:
(fancyhdr)                \setlength{\headheight}{26.69023pt}.
(fancyhdr)                You might also make \topmargin smaller to compensate:

(fancyhdr)                \addtolength{\topmargin}{-10.69023pt}.

[12

]
Chapitre 2.

Underfull \hbox (badness 10000) in paragraph at lines 25--36

 []

[13]
Underfull \hbox (badness 10000) in paragraph at lines 57--85

 []


Package fancyhdr Warning: \headheight is too small (16.0pt): 
(fancyhdr)                Make it at least 26.56978pt, for example:
(fancyhdr)                \setlength{\headheight}{26.56978pt}.
(fancyhdr)                You might also make \topmargin smaller to compensate:

(fancyhdr)                \addtolength{\topmargin}{-10.56978pt}.

[14]
Overfull \hbox (2.43639pt too wide) in alignment at lines 96--97
 [] [] 
 []


Overfull \hbox (2.43639pt too wide) in alignment at lines 97--97
 [] [] 
 []


Overfull \hbox (2.43639pt too wide) in alignment at lines 97--97
 [] [] 
 []


Overfull \hbox (2.43639pt too wide) in alignment at lines 97--97
 [] [] 
 []


Underfull \hbox (badness 1189) in paragraph at lines 109--109
[]|\TU/lmr/m/n/12 Prvention, recherche de faits punis-
 []


Overfull \hbox (2.43639pt too wide) in alignment at lines 97--115
 [] [] 
 []


Underfull \vbox (badness 10000) has occurred while \output is active []



Package fancyhdr Warning: \headheight is too small (16.0pt): 
(fancyhdr)                Make it at least 26.56978pt, for example:
(fancyhdr)                \setlength{\headheight}{26.56978pt}.
(fancyhdr)                You might also make \topmargin smaller to compensate:

(fancyhdr)                \addtolength{\topmargin}{-10.56978pt}.

[15]
Underfull \hbox (badness 1845) in paragraph at lines 161--161
[][][]\TU/lmr/m/n/10 .[][]VLA,  Nouveau portail des archives communales de Dif
ferdange ! , URL : []$[][][][][] []
 []


Underfull \hbox (badness 10000) in paragraph at lines 161--161
[] [] [][][] [] [][][][][][][][] [] [][] [] [][][][][] [] [][][][][][][] [] [][
][][][][][] [] [][][][][][] [] [][][][][][][][][][] [] [][][][][][][][] [] [][]
[][][][][][][][][][] [] [][][][] []
 []


Underfull \hbox (badness 10000) in paragraph at lines 137--163

 []


Package fancyhdr Warning: \headheight is too small (16.0pt): 
(fancyhdr)                Make it at least 26.56978pt, for example:
(fancyhdr)                \setlength{\headheight}{26.56978pt}.
(fancyhdr)                You might also make \topmargin smaller to compensate:

(fancyhdr)                \addtolength{\topmargin}{-10.56978pt}.

[16]
Underfull \hbox (badness 1406) in paragraph at lines 193--193
[][][]\TU/lmr/m/n/10 .[][]INP,  Stage technique international darchives (STIA
) ,URL : []$[][][][][] [] [] [] [][][] [] [][][] [] [][] []
 []


Underfull \hbox (badness 10000) in paragraph at lines 182--200

 []


Package fancyhdr Warning: \headheight is too small (16.0pt): 
(fancyhdr)                Make it at least 26.56978pt, for example:
(fancyhdr)                \setlength{\headheight}{26.56978pt}.
(fancyhdr)                You might also make \topmargin smaller to compensate:

(fancyhdr)                \addtolength{\topmargin}{-10.56978pt}.

[17]
Underfull \vbox (badness 2865) has occurred while \output is active []



Package fancyhdr Warning: \headheight is too small (16.0pt): 
(fancyhdr)                Make it at least 26.56978pt, for example:
(fancyhdr)                \setlength{\headheight}{26.56978pt}.
(fancyhdr)                You might also make \topmargin smaller to compensate:

(fancyhdr)                \addtolength{\topmargin}{-10.56978pt}.

[18]
Underfull \vbox (badness 7704) has occurred while \output is active []



Package fancyhdr Warning: \headheight is too small (16.0pt): 
(fancyhdr)                Make it at least 26.56978pt, for example:
(fancyhdr)                \setlength{\headheight}{26.56978pt}.
(fancyhdr)                You might also make \topmargin smaller to compensate:

(fancyhdr)                \addtolength{\topmargin}{-10.56978pt}.

[19]
Missing character: There is no  (U+2009) in font [lmroman10-italic]:mapping=te
x-text;!
File: ./media/image1.png Graphic file (type bmp)
<./media/image1.png>
File: ./media/image2.png Graphic file (type bmp)
<./media/image2.png>

LaTeX Warning: `!h' float specifier changed to `!ht'.


Package fancyhdr Warning: \headheight is too small (16.0pt): 
(fancyhdr)                Make it at least 26.56978pt, for example:
(fancyhdr)                \setlength{\headheight}{26.56978pt}.
(fancyhdr)                You might also make \topmargin smaller to compensate:

(fancyhdr)                \addtolength{\topmargin}{-10.56978pt}.

[20]

Package fancyhdr Warning: \headheight is too small (16.0pt): 
(fancyhdr)                Make it at least 26.56978pt, for example:
(fancyhdr)                \setlength{\headheight}{26.56978pt}.
(fancyhdr)                You might also make \topmargin smaller to compensate:

(fancyhdr)                \addtolength{\topmargin}{-10.56978pt}.

[21]
Underfull \hbox (badness 10000) in paragraph at lines 354--391

 []


Package fancyhdr Warning: \headheight is too small (16.0pt): 
(fancyhdr)                Make it at least 26.56978pt, for example:
(fancyhdr)                \setlength{\headheight}{26.56978pt}.
(fancyhdr)                You might also make \topmargin smaller to compensate:

(fancyhdr)                \addtolength{\topmargin}{-10.56978pt}.

[22]) (./chapitres/chapitre_3.tex

Package fancyhdr Warning: \headheight is too small (16.0pt): 
(fancyhdr)                Make it at least 26.56978pt, for example:
(fancyhdr)                \setlength{\headheight}{26.56978pt}.
(fancyhdr)                You might also make \topmargin smaller to compensate:

(fancyhdr)                \addtolength{\topmargin}{-10.56978pt}.

[23]

Package fancyhdr Warning: \headheight is too small (16.0pt): 
(fancyhdr)                Make it at least 26.56978pt, for example:
(fancyhdr)                \setlength{\headheight}{26.56978pt}.
(fancyhdr)                You might also make \topmargin smaller to compensate:

(fancyhdr)                \addtolength{\topmargin}{-10.56978pt}.

[24

]
Chapitre 3.

Underfull \hbox (badness 10000) in paragraph at lines 5--14

 []


Underfull \hbox (badness 10000) in paragraph at lines 15--59

 []

[25]
Underfull \hbox (badness 10000) in paragraph at lines 60--98

 []


Underfull \vbox (badness 2922) has occurred while \output is active []



Package fancyhdr Warning: \headheight is too small (16.0pt): 
(fancyhdr)                Make it at least 26.56978pt, for example:
(fancyhdr)                \setlength{\headheight}{26.56978pt}.
(fancyhdr)                You might also make \topmargin smaller to compensate:

(fancyhdr)                \addtolength{\topmargin}{-10.56978pt}.

[26]
Underfull \hbox (badness 10000) in paragraph at lines 99--151

 []


Underfull \vbox (badness 2941) has occurred while \output is active []



Package fancyhdr Warning: \headheight is too small (16.0pt): 
(fancyhdr)                Make it at least 26.56978pt, for example:
(fancyhdr)                \setlength{\headheight}{26.56978pt}.
(fancyhdr)                You might also make \topmargin smaller to compensate:

(fancyhdr)                \addtolength{\topmargin}{-10.56978pt}.

[27]

Package fancyhdr Warning: \headheight is too small (16.0pt): 
(fancyhdr)                Make it at least 26.56978pt, for example:
(fancyhdr)                \setlength{\headheight}{26.56978pt}.
(fancyhdr)                You might also make \topmargin smaller to compensate:

(fancyhdr)                \addtolength{\topmargin}{-10.56978pt}.

[28]
Underfull \hbox (badness 10000) in paragraph at lines 198--231

 []


Underfull \vbox (badness 2856) has occurred while \output is active []



Package fancyhdr Warning: \headheight is too small (16.0pt): 
(fancyhdr)                Make it at least 26.56978pt, for example:
(fancyhdr)                \setlength{\headheight}{26.56978pt}.
(fancyhdr)                You might also make \topmargin smaller to compensate:

(fancyhdr)                \addtolength{\topmargin}{-10.56978pt}.

[29]
File: ./media/image3.png Graphic file (type bmp)
<./media/image3.png>


LaTeX Warning: `!h' float specifier changed to `!ht'.


Underfull \vbox (badness 1478) has occurred while \output is active []



Package fancyhdr Warning: \headheight is too small (16.0pt): 
(fancyhdr)                Make it at least 26.56978pt, for example:
(fancyhdr)                \setlength{\headheight}{26.56978pt}.
(fancyhdr)                You might also make \topmargin smaller to compensate:

(fancyhdr)                \addtolength{\topmargin}{-10.56978pt}.

[30]
Underfull \hbox (badness 10000) in paragraph at lines 293--303

 []


Package fancyhdr Warning: \headheight is too small (16.0pt): 
(fancyhdr)                Make it at least 26.56978pt, for example:
(fancyhdr)                \setlength{\headheight}{26.56978pt}.
(fancyhdr)                You might also make \topmargin smaller to compensate:

(fancyhdr)                \addtolength{\topmargin}{-10.56978pt}.

[31]
Overfull \hbox (2.43639pt too wide) in alignment at lines 308--310
 [] [] 
 []


Overfull \hbox (2.43639pt too wide) in alignment at lines 310--310
 [] [] 
 []


Overfull \hbox (2.43639pt too wide) in alignment at lines 310--310
 [] [] 
 []


Overfull \hbox (2.43639pt too wide) in alignment at lines 310--310
 [] [] 
 []


Overfull \hbox (2.43639pt too wide) in alignment at lines 310--324
 [] [] 
 []


Underfull \hbox (badness 10000) in paragraph at lines 326--328

 []


Package fancyhdr Warning: \headheight is too small (16.0pt): 
(fancyhdr)                Make it at least 26.56978pt, for example:
(fancyhdr)                \setlength{\headheight}{26.56978pt}.
(fancyhdr)                You might also make \topmargin smaller to compensate:

(fancyhdr)                \addtolength{\topmargin}{-10.56978pt}.

[32]
Underfull \hbox (badness 10000) in paragraph at lines 361--387

 []


Package fancyhdr Warning: \headheight is too small (16.0pt): 
(fancyhdr)                Make it at least 26.56978pt, for example:
(fancyhdr)                \setlength{\headheight}{26.56978pt}.
(fancyhdr)                You might also make \topmargin smaller to compensate:

(fancyhdr)                \addtolength{\topmargin}{-10.56978pt}.

[33]
Underfull \hbox (badness 10000) in paragraph at lines 435--441

 []

)

Package fancyhdr Warning: \headheight is too small (16.0pt): 
(fancyhdr)                Make it at least 26.56978pt, for example:
(fancyhdr)                \setlength{\headheight}{26.56978pt}.
(fancyhdr)                You might also make \topmargin smaller to compensate:

(fancyhdr)                \addtolength{\topmargin}{-10.56978pt}.

[34]

Package fancyhdr Warning: \headheight is too small (16.0pt): 
(fancyhdr)                Make it at least 26.56978pt, for example:
(fancyhdr)                \setlength{\headheight}{26.56978pt}.
(fancyhdr)                You might also make \topmargin smaller to compensate:

(fancyhdr)                \addtolength{\topmargin}{-10.56978pt}.

[35]

Package fancyhdr Warning: \headheight is too small (16.0pt): 
(fancyhdr)                Make it at least 26.56978pt, for example:
(fancyhdr)                \setlength{\headheight}{26.56978pt}.
(fancyhdr)                You might also make \topmargin smaller to compensate:

(fancyhdr)                \addtolength{\topmargin}{-10.56978pt}.

[36

] [37] [38] (./chapitres/chapitre_4.tex
Chapitre 4.

Package hyperref Warning: Token not allowed in a PDF string (Unicode):
(hyperref)                removing `\gls' on input line 3.


Package hyperref Warning: Token not allowed in a PDF string (Unicode):
(hyperref)                removing `\gls' on input line 3.

[39

]
File: ./media/clustering.png Graphic file (type bmp)
<./media/clustering.png>
 [40]
Underfull \hbox (badness 10000) in paragraph at lines 74--122

 []


Underfull \vbox (badness 10000) has occurred while \output is active []

 [41]
Underfull \hbox (badness 10000) in paragraph at lines 151--201

 []

[42] [43] [44]
Underfull \hbox (badness 10000) in paragraph at lines 271--288

 []


Overfull \hbox (3.73131pt too wide) in paragraph at lines 289--316
[]\TU/lmr/m/n/12 Lusage principal de la [][]\TU/lmr/m/it/12 NER (Named Entity 
Recognition)[] \TU/lmr/m/n/12 dans les archives ne concerne
 []

[45] [46]
Underfull \vbox (badness 2932) has occurred while \output is active []

 [47]

Package hyperref Warning: Token not allowed in a PDF string (Unicode):
(hyperref)                removing `\gls' on input line 400.


Overfull \hbox (3.08998pt too wide) in paragraph at lines 402--430
[]\TU/lmr/m/n/12 Comme nous lavons vu, de nombreuses mthodes de traitement au
tomatique peuvent
 []

[48]
Underfull \hbox (badness 10000) in paragraph at lines 431--452

 []


Underfull \hbox (badness 10000) in paragraph at lines 470--487

 []

[49]) (./chapitres/chapitre_5.tex [50]
Chapitre 5.

Package hyperref Warning: Token not allowed in a PDF string (Unicode):
(hyperref)                removing `\gls' on input line 3.

[51

]
Underfull \hbox (badness 10000) in paragraph at lines 50--75

 []


Underfull \vbox (badness 10000) has occurred while \output is active []



Package fancyhdr Warning: \headheight is too small (16.0pt): 
(fancyhdr)                Make it at least 26.56978pt, for example:
(fancyhdr)                \setlength{\headheight}{26.56978pt}.
(fancyhdr)                You might also make \topmargin smaller to compensate:

(fancyhdr)                \addtolength{\topmargin}{-10.56978pt}.

[52]
Overfull \hbox (0.87215pt too wide) in paragraph at lines 121--121
[]\TU/lmr/bx/n/14.4 La ralit archivistique : les possibilits dautomatisatio
n dans
 []


Package fancyhdr Warning: \headheight is too small (16.0pt): 
(fancyhdr)                Make it at least 26.56978pt, for example:
(fancyhdr)                \setlength{\headheight}{26.56978pt}.
(fancyhdr)                You might also make \topmargin smaller to compensate:

(fancyhdr)                \addtolength{\topmargin}{-10.56978pt}.

[53]
Underfull \hbox (badness 10000) in paragraph at lines 152--171

 []


Package fancyhdr Warning: \headheight is too small (16.0pt): 
(fancyhdr)                Make it at least 26.56978pt, for example:
(fancyhdr)                \setlength{\headheight}{26.56978pt}.
(fancyhdr)                You might also make \topmargin smaller to compensate:

(fancyhdr)                \addtolength{\topmargin}{-10.56978pt}.

[54]
Underfull \hbox (badness 10000) in paragraph at lines 194--219

 []


Underfull \vbox (badness 1661) has occurred while \output is active []



Package fancyhdr Warning: \headheight is too small (16.0pt): 
(fancyhdr)                Make it at least 26.56978pt, for example:
(fancyhdr)                \setlength{\headheight}{26.56978pt}.
(fancyhdr)                You might also make \topmargin smaller to compensate:

(fancyhdr)                \addtolength{\topmargin}{-10.56978pt}.

[55]
Underfull \hbox (badness 10000) in paragraph at lines 274--291

 []


Package fancyhdr Warning: \headheight is too small (16.0pt): 
(fancyhdr)                Make it at least 26.56978pt, for example:
(fancyhdr)                \setlength{\headheight}{26.56978pt}.
(fancyhdr)                You might also make \topmargin smaller to compensate:

(fancyhdr)                \addtolength{\topmargin}{-10.56978pt}.

[56]

Package fancyhdr Warning: \headheight is too small (16.0pt): 
(fancyhdr)                Make it at least 26.56978pt, for example:
(fancyhdr)                \setlength{\headheight}{26.56978pt}.
(fancyhdr)                You might also make \topmargin smaller to compensate:

(fancyhdr)                \addtolength{\topmargin}{-10.56978pt}.

[57]
Underfull \hbox (badness 10000) in paragraph at lines 336--349

 []

File: ./media/image5.png Graphic file (type bmp)
<./media/image5.png>

Underfull \hbox (badness 10000) in paragraph at lines 378--394

 []


Underfull \vbox (badness 2529) has occurred while \output is active []



Package fancyhdr Warning: \headheight is too small (16.0pt): 
(fancyhdr)                Make it at least 26.56978pt, for example:
(fancyhdr)                \setlength{\headheight}{26.56978pt}.
(fancyhdr)                You might also make \topmargin smaller to compensate:

(fancyhdr)                \addtolength{\topmargin}{-10.56978pt}.

[58]) (./chapitres/chapitre_6.tex

Package fancyhdr Warning: \headheight is too small (16.0pt): 
(fancyhdr)                Make it at least 26.56978pt, for example:
(fancyhdr)                \setlength{\headheight}{26.56978pt}.
(fancyhdr)                You might also make \topmargin smaller to compensate:

(fancyhdr)                \addtolength{\topmargin}{-10.56978pt}.

[59]

Package fancyhdr Warning: \headheight is too small (16.0pt): 
(fancyhdr)                Make it at least 26.56978pt, for example:
(fancyhdr)                \setlength{\headheight}{26.56978pt}.
(fancyhdr)                You might also make \topmargin smaller to compensate:

(fancyhdr)                \addtolength{\topmargin}{-10.56978pt}.

[60

]
Chapitre 6.
[61]
Underfull \hbox (badness 10000) in paragraph at lines 112--112
[][][]\TU/lmr/m/n/10 .[][]Plateforme []$[][][][] [] [][][][][][] [] [][]$[]. UR
L des jeux de donnes publis par
 []


Underfull \hbox (badness 10000) in paragraph at lines 112--112
\TU/lmr/m/n/10 la Chambre des Dputs : []$[][][][][] [] [] [] [][][][] [] [][]
[][][][] [] [][] [] [][] [] [][][][][][][][][][][][][] []
 []


Package fancyhdr Warning: \headheight is too small (16.0pt): 
(fancyhdr)                Make it at least 26.69023pt, for example:
(fancyhdr)                \setlength{\headheight}{26.69023pt}.
(fancyhdr)                You might also make \topmargin smaller to compensate:

(fancyhdr)                \addtolength{\topmargin}{-10.69023pt}.

[62]

Package fancyhdr Warning: \headheight is too small (16.0pt): 
(fancyhdr)                Make it at least 26.69023pt, for example:
(fancyhdr)                \setlength{\headheight}{26.69023pt}.
(fancyhdr)                You might also make \topmargin smaller to compensate:

(fancyhdr)                \addtolength{\topmargin}{-10.69023pt}.

[63]
Underfull \hbox (badness 10000) in paragraph at lines 156--173

 []


Package fancyhdr Warning: \headheight is too small (16.0pt): 
(fancyhdr)                Make it at least 26.69023pt, for example:
(fancyhdr)                \setlength{\headheight}{26.69023pt}.
(fancyhdr)                You might also make \topmargin smaller to compensate:

(fancyhdr)                \addtolength{\topmargin}{-10.69023pt}.

[64]

Package fancyhdr Warning: \headheight is too small (16.0pt): 
(fancyhdr)                Make it at least 26.69023pt, for example:
(fancyhdr)                \setlength{\headheight}{26.69023pt}.
(fancyhdr)                You might also make \topmargin smaller to compensate:

(fancyhdr)                \addtolength{\topmargin}{-10.69023pt}.

[65]
Underfull \hbox (badness 10000) in paragraph at lines 241--267

 []


Package fancyhdr Warning: \headheight is too small (16.0pt): 
(fancyhdr)                Make it at least 26.69023pt, for example:
(fancyhdr)                \setlength{\headheight}{26.69023pt}.
(fancyhdr)                You might also make \topmargin smaller to compensate:

(fancyhdr)                \addtolength{\topmargin}{-10.69023pt}.

[66]
Underfull \hbox (badness 10000) in paragraph at lines 295--311

 []


Package fancyhdr Warning: \headheight is too small (16.0pt): 
(fancyhdr)                Make it at least 26.69023pt, for example:
(fancyhdr)                \setlength{\headheight}{26.69023pt}.
(fancyhdr)                You might also make \topmargin smaller to compensate:

(fancyhdr)                \addtolength{\topmargin}{-10.69023pt}.

[67]) (./chapitres/chapitre_7.tex

Package fancyhdr Warning: \headheight is too small (16.0pt): 
(fancyhdr)                Make it at least 26.69023pt, for example:
(fancyhdr)                \setlength{\headheight}{26.69023pt}.
(fancyhdr)                You might also make \topmargin smaller to compensate:

(fancyhdr)                \addtolength{\topmargin}{-10.69023pt}.

[68]
Chapitre 7.

Underfull \hbox (badness 5316) in paragraph at lines 21--21
[][][]\TU/lmr/m/n/10 .[][]ANLux,    Fonds et collections  , \TU/lmr/m/sc/10 U
RL \TU/lmr/m/n/10 : []$[][][][][] [] [] [] [][][][][] [] [][][][][][] [] [][] [
] [][] [] [][][][][][][][][][] []
 []


Underfull \hbox (badness 10000) in paragraph at lines 27--27
[][][]\TU/lmr/m/n/10 .[][]FranceArchives,    Panorama des archives lectroniqu
es conserves aux
 []


Underfull \hbox (badness 10000) in paragraph at lines 27--27
\TU/lmr/m/n/10 Archives nationales  , \TU/lmr/m/sc/10 URL \TU/lmr/m/n/10 : []$
[][][][][] [] [] [] [][][][][][][][][][][][][][] [] [][][][] [] [][] [] [][][][
][][][][][][] []
 []


Underfull \hbox (badness 10000) in paragraph at lines 6--32

 []

[69

] [70]
Underfull \hbox (badness 10000) in paragraph at lines 126--146

 []


Underfull \vbox (badness 1635) has occurred while \output is active []

 [71]
Underfull \vbox (badness 2856) has occurred while \output is active []

 [72]
Underfull \hbox (badness 10000) in paragraph at lines 183--209

 []


Underfull \hbox (badness 10000) in paragraph at lines 210--236

 []

[73]) [74] [75

] [76] (./chapitres/chapitre_8.tex
Chapitre 8.
[77

] [78] [79]
Underfull \hbox (badness 5446) in paragraph at lines 179--179
[][][]\TU/lmr/m/n/10 .[][][][]\TU/lmr/m/it/10 tude de cas dIntel\TU/lmr/m/n/1
0 , en, mai 2022, \TU/lmr/m/sc/10 url \TU/lmr/m/n/10 : []$[][][][][] [] [] [] [
][][][][][][][][][][][][][][][][][][] [][]
 []

[80] [81]) (./chapitres/chapitre_9.tex [82]
Chapitre 9.
[83

] [84] [85] [86]
Underfull \hbox (badness 10000) in paragraph at lines 94--94
[][][]\TU/lmr/m/n/10 .[][]Voir par exemple ceux disponibles ici : []$[][][][][]
 [] [] [] [][][][][][][][][][][] [] [][] [] [][][][][][][][][][][] []
 []

[87]
Underfull \hbox (badness 10000) in paragraph at lines 131--143

 []


Underfull \vbox (badness 1484) has occurred while \output is active []

 [88])
(./chapitres/chapitre_10.tex [89] [90

]
Chapitre 10.

Package hyperref Warning: Token not allowed in a PDF string (Unicode):
(hyperref)                removing `\gls' on input line 4.

File: ./media/process_traitement.png Graphic file (type bmp)
<./media/process_traitement.png>

Underfull \hbox (badness 10000) in paragraph at lines 17--18

 []

[91]
\openout4 = `memoire_tex.pyg'.

 (./_minted-memoire_tex/default.pygstyle)
(./_minted-memoire_tex/8CD8E8F25194B770855A06B0854B76151D20DBBB37A89D52A65CE505
78265A99.pygtex
LaTeX Font Info:    Font shape `TU/lmtt/bx/n' in size <12> not available
(Font)              Font shape `TU/lmtt/b/n' tried instead on input line 3.
)
Underfull \hbox (badness 10000) in paragraph at lines 53--54

 []

\openout4 = `memoire_tex.pyg'.


(./_minted-memoire_tex/70EC840EE891203FB466C5C3DFFC45161D20DBBB37A89D52A65CE505
78265A99.pygtex) [92]
Underfull \vbox (badness 10000) has occurred while \output is active []

 [93]
Underfull \vbox (badness 10000) has occurred while \output is active []

 [94]
Underfull \hbox (badness 10000) in paragraph at lines 102--103

 []


Underfull \hbox (badness 10000) in paragraph at lines 113--115

 []

File: ./media/results.png Graphic file (type bmp)
<./media/results.png>
File: ./media/remplissage_json.png Graphic file (type bmp)
<./media/remplissage_json.png>

LaTeX Warning: `!h' float specifier changed to `!ht'.

[95]
Missing character: There is no  (U+2009) in font [lmroman10-italic]:mapping=te
x-text;!

Underfull \vbox (badness 10000) has occurred while \output is active []

 [96]
[97] [98] [99] [100]
(/usr/local/texlive/2023/texmf-dist/tex/latex/listings/lstlang1.sty
File: lstlang1.sty 2023/02/27 1.9 listings language file
) [101]
Underfull \hbox (badness 10000) in paragraph at lines 259--266

 []

) [102] (./chapitres/conclusion.tex [103

]) [104] (./memoire_tex.gls
Overfull \hbox (1.69194pt too wide) in paragraph at lines 13--15
[]\TU/lmr/m/n/12 Modle dintelligence artificielle entran sur de vastes
 []


Overfull \hbox (7.19463pt too wide) in paragraph at lines 19--23
[]\TU/lmr/m/n/12 Voir TAL (Traitement Automatique du Langage).
 []

[105





]
Overfull \hbox (4.71991pt too wide) in paragraph at lines 61--64
[]\TU/lmr/m/n/12 Branche de lintelligence artificielle qui
 []


Overfull \hbox (0.43594pt too wide) in paragraph at lines 67--67
[]\TU/lmr/m/n/12 Type dintelligence artificielle dont les modles ou algorithm
es
 []

[106]
Overfull \hbox (7.14258pt too wide) in paragraph at lines 104--104
[]\TU/lmr/m/n/12 En machine learning, une hallucination se produit lorsquun mo
dle, comme
 []


Overfull \hbox (5.42656pt too wide) in paragraph at lines 118--118
\TU/lmr/m/n/12 technologies numriques pour accder  linformation, communique
r, crer du contenu
 []

[107]
Overfull \hbox (9.79991pt too wide) in paragraph at lines 148--150
[]\TU/lmr/m/n/12 Technique permettant de baser les rponses
 []

) [108] (./memoire_tex.toc [109

] [110])
\tf@toc=\write9
\openout9 = `memoire_tex.toc'.

 [111] (./memoire_tex.aux)
 ***********
LaTeX2e <2023-06-01> patch level 1
L3 programming layer <2023-08-29>
 ***********
runsystem(rm memoire_tex.pyg)...executed.

Package logreq Info: Writing requests to 'memoire_tex.run.xml'.
\openout1 = `memoire_tex.run.xml'.

 ) 
Here is how much of TeX's memory you used:
 49624 strings out of 475585
 992016 string characters out of 5773557
 2051190 words of memory out of 5000000
 70219 multiletter control sequences out of 15000+600000
 562541 words of font info for 82 fonts, out of 8000000 for 9000
 1348 hyphenation exceptions out of 8191
 91i,13n,93p,5064b,5806s stack positions out of 10000i,1000n,20000p,200000b,200000s

Output written on memoire_tex.pdf (131 pages).
